SF:lib\data\models\message.dart
DA:15,0
DA:16,0
DA:23,2
DA:37,1
DA:38,1
DA:39,1
DA:40,1
DA:41,1
DA:42,1
DA:43,1
DA:44,1
DA:45,4
DA:46,1
DA:48,1
DA:49,1
DA:50,1
DA:51,2
DA:52,1
DA:53,2
DA:58,1
DA:59,1
DA:60,1
DA:61,1
DA:62,1
DA:63,1
DA:64,1
DA:65,2
DA:66,1
DA:67,1
DA:68,1
DA:69,2
DA:70,2
DA:93,2
DA:104,1
DA:105,1
DA:106,1
DA:107,1
DA:108,1
DA:109,1
DA:110,1
DA:111,2
DA:113,1
DA:114,2
DA:115,2
DA:119,1
DA:120,1
DA:121,1
DA:122,1
DA:123,1
DA:124,1
DA:125,2
DA:126,1
DA:127,2
DA:128,2
LF:54
LH:52
end_of_record
SF:lib\data\models\nutrition_plan.dart
DA:3,1
DA:4,1
DA:5,5
DA:25,2
DA:45,1
DA:46,2
DA:47,1
DA:48,2
DA:49,3
DA:50,2
DA:51,1
DA:52,1
DA:53,1
DA:54,1
DA:55,3
DA:56,1
DA:58,1
DA:59,1
DA:60,2
DA:61,1
DA:62,2
DA:63,3
DA:65,2
DA:66,3
DA:68,1
DA:69,1
DA:71,1
DA:72,0
DA:73,2
DA:74,3
DA:76,2
DA:77,0
DA:78,0
DA:83,1
DA:84,1
DA:85,1
DA:86,1
DA:87,1
DA:88,1
DA:89,1
DA:90,1
DA:91,1
DA:92,5
DA:93,1
DA:94,1
DA:95,1
DA:96,1
DA:97,1
DA:98,2
DA:99,1
DA:100,2
DA:101,1
DA:102,1
DA:103,1
DA:104,2
DA:105,2
DA:106,2
DA:107,2
DA:108,1
DA:109,1
DA:121,2
DA:129,1
DA:130,1
DA:131,1
DA:132,1
DA:133,1
DA:134,1
DA:135,3
DA:136,1
DA:137,1
DA:141,1
DA:142,1
DA:143,1
DA:144,1
DA:145,1
DA:146,5
DA:147,1
DA:169,2
DA:187,1
DA:188,1
DA:189,1
DA:190,1
DA:191,1
DA:192,1
DA:193,1
DA:194,1
DA:195,1
DA:196,3
DA:197,1
DA:198,2
DA:199,1
DA:200,1
DA:201,1
DA:202,1
DA:203,1
DA:204,1
DA:205,1
DA:209,1
DA:210,1
DA:211,1
DA:212,1
DA:213,1
DA:214,1
DA:215,1
DA:216,1
DA:217,5
DA:218,2
DA:219,1
DA:220,1
DA:221,1
DA:222,1
DA:223,1
DA:224,1
DA:225,1
DA:240,2
DA:251,1
DA:252,1
DA:253,1
DA:254,1
DA:255,1
DA:256,1
DA:257,2
DA:258,1
DA:259,2
DA:260,1
DA:264,1
DA:265,1
DA:266,1
DA:267,1
DA:268,1
DA:269,1
DA:270,1
DA:271,1
DA:272,2
DA:273,1
DA:283,2
DA:289,1
DA:290,1
DA:291,2
DA:292,2
DA:293,2
DA:297,1
DA:298,1
DA:299,1
DA:300,1
DA:301,1
LF:146
LH:143
end_of_record
SF:lib\data\models\user_profile.dart
DA:70,4
DA:94,2
DA:95,2
DA:96,2
DA:97,2
DA:98,2
DA:99,2
DA:100,2
DA:101,2
DA:102,2
DA:103,2
DA:104,2
DA:105,2
DA:106,2
DA:107,2
DA:108,2
DA:109,4
DA:110,0
DA:111,2
DA:112,2
DA:113,2
DA:114,2
DA:115,2
DA:116,2
DA:117,2
DA:118,0
DA:120,2
DA:124,1
DA:125,1
DA:126,1
DA:127,1
DA:128,1
DA:129,1
DA:130,1
DA:131,1
DA:132,1
DA:133,1
DA:134,1
DA:135,1
DA:136,1
DA:137,1
DA:138,1
DA:139,1
DA:140,1
DA:141,1
DA:142,1
DA:143,1
DA:144,1
DA:145,1
DA:146,1
DA:150,0
DA:170,0
DA:171,0
DA:172,0
DA:173,0
DA:174,0
DA:175,0
DA:176,0
DA:177,0
DA:178,0
DA:179,0
DA:180,0
DA:181,0
DA:182,0
DA:183,0
DA:184,0
DA:185,0
DA:186,0
DA:187,0
DA:188,0
DA:189,0
DA:190,0
DA:191,0
DA:195,0
DA:196,0
DA:198,0
DA:200,0
LF:77
LH:48
end_of_record
SF:lib\data\models\user_profile.g.dart
DA:13,0
DA:15,0
DA:16,0
DA:17,0
DA:19,0
DA:20,0
DA:21,0
DA:22,0
DA:23,0
DA:24,0
DA:25,0
DA:26,0
DA:27,0
DA:28,0
DA:29,0
DA:30,0
DA:31,0
DA:32,0
DA:33,0
DA:34,0
DA:35,0
DA:36,0
DA:37,0
DA:38,0
DA:39,0
DA:40,0
DA:44,0
DA:47,0
DA:48,0
DA:49,0
DA:50,0
DA:51,0
DA:52,0
DA:53,0
DA:54,0
DA:55,0
DA:56,0
DA:57,0
DA:58,0
DA:59,0
DA:60,0
DA:61,0
DA:62,0
DA:63,0
DA:64,0
DA:65,0
DA:66,0
DA:67,0
DA:68,0
DA:69,0
DA:70,0
DA:71,0
DA:72,0
DA:73,0
DA:74,0
DA:75,0
DA:76,0
DA:77,0
DA:78,0
DA:79,0
DA:80,0
DA:81,0
DA:82,0
DA:83,0
DA:84,0
DA:85,0
DA:86,0
DA:87,0
DA:88,0
DA:89,0
DA:92,0
DA:93,0
DA:95,0
DA:98,0
DA:99,0
DA:100,0
LF:76
LH:0
end_of_record
SF:lib\data\models\workout_plan.dart
DA:17,2
DA:34,1
DA:35,2
DA:36,1
DA:37,2
DA:38,3
DA:39,2
DA:40,1
DA:41,1
DA:42,2
DA:43,1
DA:44,1
DA:45,1
DA:46,3
DA:47,1
DA:49,2
DA:50,3
DA:52,2
DA:53,3
DA:55,1
DA:56,1
DA:58,1
DA:59,0
DA:60,2
DA:61,3
DA:66,1
DA:67,1
DA:68,1
DA:69,1
DA:70,1
DA:71,1
DA:72,1
DA:73,1
DA:74,1
DA:75,1
DA:76,1
DA:77,1
DA:78,5
DA:79,2
DA:80,1
DA:81,2
DA:82,1
DA:83,1
DA:84,1
DA:85,2
DA:86,2
DA:87,2
DA:88,2
DA:100,2
DA:108,1
DA:109,1
DA:110,1
DA:111,1
DA:112,1
DA:113,1
DA:114,3
DA:115,1
DA:116,1
DA:120,1
DA:121,1
DA:122,1
DA:123,1
DA:124,1
DA:125,5
DA:126,1
DA:155,3
DA:180,1
DA:181,1
DA:182,1
DA:183,1
DA:184,1
DA:185,1
DA:186,1
DA:187,1
DA:188,1
DA:189,1
DA:190,1
DA:191,1
DA:192,1
DA:193,1
DA:194,1
DA:195,1
DA:196,1
DA:197,1
DA:198,1
DA:199,1
DA:200,1
DA:201,2
DA:202,1
DA:203,1
DA:204,2
DA:205,1
DA:206,1
DA:207,1
DA:211,1
DA:212,1
DA:213,1
DA:214,1
DA:215,1
DA:216,1
DA:217,1
DA:218,1
DA:219,1
DA:220,1
DA:221,1
DA:222,1
DA:223,1
DA:224,1
DA:225,1
DA:226,1
DA:227,1
DA:228,1
DA:229,1
DA:230,1
DA:231,1
DA:232,1
DA:233,1
DA:234,1
DA:238,1
DA:242,1
DA:243,1
DA:244,1
DA:245,1
DA:246,1
DA:247,1
DA:248,1
DA:249,1
DA:250,1
DA:251,1
DA:252,1
DA:253,1
DA:254,1
DA:255,1
DA:256,1
DA:257,1
DA:258,1
DA:259,1
DA:260,1
DA:261,1
DA:262,1
DA:263,1
DA:264,1
DA:268,1
DA:269,1
DA:270,3
DA:273,3
DA:274,1
DA:275,2
DA:276,2
LF:149
LH:148
end_of_record
SF:lib\data\demo\demo_data.dart
DA:16,0
DA:18,0
DA:19,0
DA:29,0
DA:30,0
DA:41,0
DA:65,0
DA:66,0
DA:67,0
DA:88,0
DA:111,0
DA:112,0
DA:133,0
DA:156,0
DA:161,0
DA:162,0
DA:168,0
DA:175,0
DA:176,0
DA:180,0
DA:181,0
DA:182,0
DA:200,0
DA:219,0
DA:237,0
DA:255,0
DA:273,0
DA:291,0
DA:309,0
DA:327,0
DA:348,0
DA:349,0
DA:350,0
DA:357,0
DA:358,0
DA:365,0
DA:368,0
DA:375,0
DA:379,0
DA:382,0
DA:389,0
DA:390,0
DA:397,0
DA:400,0
DA:407,0
DA:411,0
DA:414,0
DA:421,0
DA:422,0
DA:429,0
DA:432,0
DA:439,0
DA:443,0
DA:448,0
DA:453,0
DA:454,0
DA:467,0
DA:477,0
DA:478,0
DA:487,0
DA:488,0
DA:489,0
DA:490,0
DA:498,0
DA:499,0
DA:507,0
DA:515,0
DA:516,0
DA:527,0
DA:531,0
DA:532,0
DA:533,0
DA:534,0
DA:535,0
DA:539,0
DA:547,0
DA:551,0
DA:559,0
DA:563,0
DA:574,0
DA:575,0
DA:576,0
DA:577,0
DA:582,0
DA:583,0
DA:584,0
DA:588,0
DA:589,0
DA:593,0
DA:594,0
DA:599,0
DA:600,0
DA:606,0
DA:608,0
DA:614,0
DA:620,0
DA:621,0
DA:622,0
DA:623,0
DA:624,0
DA:625,0
DA:626,0
DA:627,0
DA:629,0
DA:630,0
DA:631,0
DA:635,0
DA:636,0
DA:637,0
DA:638,0
DA:647,0
DA:648,0
DA:650,0
DA:659,0
DA:660,0
DA:665,0
DA:666,0
DA:667,0
DA:668,0
DA:680,0
DA:681,0
DA:683,0
DA:695,0
DA:696,0
DA:698,0
DA:710,0
DA:716,0
DA:717,0
DA:718,0
DA:721,0
DA:722,0
DA:723,0
DA:727,0
DA:728,0
DA:732,0
DA:733,0
DA:738,0
DA:739,0
DA:740,0
DA:741,0
DA:746,0
DA:747,0
DA:748,0
DA:749,0
DA:757,0
DA:759,0
DA:767,0
DA:772,0
DA:776,0
DA:777,0
DA:778,0
DA:782,0
DA:784,0
DA:785,0
DA:789,0
DA:792,0
DA:793,0
DA:794,0
DA:802,0
DA:803,0
DA:805,0
DA:813,0
DA:814,0
DA:816,0
DA:824,0
LF:165
LH:0
end_of_record
SF:lib\data\repositories\auth_repository.dart
DA:34,2
DA:36,1
DA:37,1
DA:38,1
DA:39,2
DA:40,1
DA:52,1
DA:53,2
DA:54,1
DA:60,0
DA:63,0
DA:65,0
DA:68,0
DA:69,0
DA:70,0
DA:72,0
DA:77,0
DA:79,0
DA:81,0
DA:87,0
DA:88,0
DA:89,0
DA:91,0
DA:92,0
DA:93,0
DA:98,0
DA:103,0
DA:105,0
DA:111,0
DA:112,0
DA:113,0
DA:115,0
DA:116,0
DA:117,0
DA:122,0
DA:129,0
DA:131,0
DA:139,0
DA:140,0
DA:141,0
DA:143,0
DA:144,0
DA:145,0
DA:150,0
DA:152,0
DA:153,0
DA:155,0
DA:156,0
DA:157,0
DA:158,0
DA:159,0
DA:160,0
DA:161,0
DA:165,0
DA:166,0
DA:167,0
DA:169,0
DA:170,0
DA:171,0
DA:176,0
DA:178,0
DA:185,0
DA:187,0
DA:189,0
DA:194,0
DA:196,0
DA:202,0
DA:204,0
DA:205,0
DA:209,0
DA:210,0
DA:211,0
DA:213,0
DA:221,0
DA:224,0
DA:226,0
DA:231,0
DA:233,0
DA:235,0
DA:240,0
DA:242,0
DA:248,0
DA:250,0
DA:251,0
DA:255,0
DA:256,0
LF:86
LH:9
end_of_record
SF:lib\core\config\api_config.dart
DA:26,22
DA:29,0
DA:57,0
DA:58,0
DA:62,0
DA:65,0
DA:68,0
DA:71,0
DA:72,0
DA:73,0
DA:74,0
DA:75,0
DA:76,0
LF:13
LH:1
end_of_record
SF:lib\data\auth\social_auth_client.dart
DA:7,0
DA:29,0
DA:33,0
DA:36,0
DA:41,0
DA:44,0
DA:45,0
DA:46,0
DA:47,0
DA:48,0
DA:49,0
DA:51,0
DA:55,0
DA:56,0
DA:58,0
DA:60,0
DA:61,0
DA:62,0
DA:63,0
DA:65,0
DA:68,0
DA:69,0
DA:70,0
DA:71,0
DA:75,0
DA:76,0
DA:81,0
DA:82,0
DA:85,0
DA:86,0
DA:88,0
DA:89,0
DA:90,0
DA:91,0
DA:92,0
DA:96,0
DA:98,0
DA:101,0
DA:102,0
DA:108,0
DA:109,0
DA:110,0
DA:113,0
DA:114,0
DA:115,0
DA:116,0
DA:118,0
DA:121,0
DA:122,0
DA:123,0
LF:50
LH:0
end_of_record
SF:lib\data\models\admin_analytics.dart
DA:9,0
DA:18,0
DA:19,0
DA:20,0
DA:21,0
DA:22,0
DA:23,0
DA:24,0
DA:25,0
DA:26,0
DA:27,0
DA:36,0
DA:38,0
DA:39,0
DA:40,0
DA:41,0
DA:50,0
DA:52,0
DA:53,0
DA:54,0
DA:55,0
DA:64,0
DA:69,0
DA:70,0
DA:71,0
DA:72,0
DA:80,0
DA:82,0
DA:83,0
DA:84,0
DA:92,0
DA:94,0
DA:95,0
DA:96,0
DA:104,0
DA:106,0
DA:107,0
DA:108,0
LF:38
LH:0
end_of_record
SF:lib\data\models\admin_coach.dart
DA:17,0
DA:34,0
DA:35,0
DA:36,0
DA:37,0
DA:38,0
DA:39,0
DA:40,0
DA:41,0
DA:42,0
DA:43,0
DA:44,0
DA:45,0
DA:46,0
DA:47,0
DA:48,0
DA:49,0
DA:50,0
DA:51,0
DA:52,0
DA:57,0
DA:58,0
DA:59,0
DA:60,0
DA:61,0
DA:62,0
DA:63,0
DA:64,0
DA:65,0
DA:66,0
DA:67,0
DA:68,0
DA:69,0
DA:70,0
DA:71,0
DA:72,0
DA:76,0
DA:77,0
DA:78,0
DA:79,0
DA:81,0
DA:84,0
LF:42
LH:0
end_of_record
SF:lib\data\models\admin_user.dart
DA:14,0
DA:28,0
DA:29,0
DA:30,0
DA:31,0
DA:32,0
DA:33,0
DA:34,0
DA:35,0
DA:36,0
DA:37,0
DA:38,0
DA:39,0
DA:40,0
DA:41,0
DA:46,0
DA:47,0
DA:48,0
DA:49,0
DA:50,0
DA:51,0
DA:52,0
DA:53,0
DA:54,0
DA:55,0
DA:56,0
DA:57,0
DA:58,0
DA:62,0
DA:63,0
DA:64,0
DA:65,0
DA:67,0
LF:33
LH:0
end_of_record
SF:lib\data\models\audit_log.dart
DA:11,0
DA:22,0
DA:23,0
DA:24,0
DA:25,0
DA:26,0
DA:27,0
DA:28,0
DA:29,0
DA:30,0
DA:31,0
DA:35,0
DA:36,0
DA:37,0
DA:38,0
DA:39,0
DA:40,0
DA:41,0
DA:42,0
DA:43,0
DA:44,0
LF:21
LH:0
end_of_record
SF:lib\data\models\appointment.dart
DA:15,0
DA:30,0
DA:31,0
DA:32,0
DA:33,0
DA:34,0
DA:35,0
DA:36,0
DA:37,0
DA:38,0
DA:39,0
DA:40,0
DA:41,0
DA:42,0
DA:43,0
DA:47,0
DA:48,0
DA:49,0
DA:50,0
DA:51,0
DA:52,0
DA:53,0
DA:54,0
DA:55,0
DA:56,0
DA:57,0
DA:58,0
DA:59,0
DA:60,0
DA:64,0
DA:78,0
DA:79,0
DA:80,0
DA:81,0
DA:82,0
DA:83,0
DA:84,0
DA:85,0
DA:86,0
DA:87,0
DA:88,0
DA:89,0
DA:90,0
LF:43
LH:0
end_of_record
SF:lib\data\models\coach_analytics.dart
DA:8,0
DA:16,0
DA:17,0
DA:18,0
DA:19,0
DA:20,0
DA:21,0
DA:22,0
DA:26,0
DA:27,0
DA:28,0
DA:29,0
DA:30,0
DA:31,0
DA:32,0
LF:15
LH:0
end_of_record
SF:lib\data\models\coach_client.dart
DA:19,0
DA:38,0
DA:39,0
DA:40,0
DA:41,0
DA:42,0
DA:43,0
DA:44,0
DA:45,0
DA:46,0
DA:47,0
DA:48,0
DA:49,0
DA:51,0
DA:52,0
DA:54,0
DA:55,0
DA:56,0
DA:57,0
DA:58,0
DA:59,0
DA:63,0
DA:64,0
DA:65,0
DA:66,0
DA:67,0
DA:68,0
DA:69,0
DA:70,0
DA:71,0
DA:72,0
DA:73,0
DA:74,0
DA:75,0
DA:76,0
DA:77,0
DA:78,0
DA:79,0
DA:80,0
DA:84,0
DA:85,0
DA:86,0
DA:87,0
DA:89,0
DA:92,0
DA:93,0
DA:94,0
DA:96,0
DA:97,0
DA:98,0
LF:50
LH:0
end_of_record
SF:lib\data\models\coach_earnings.dart
DA:6,0
DA:12,0
DA:13,0
DA:14,0
DA:15,0
DA:16,0
DA:17,0
DA:18,0
DA:19,0
DA:20,0
DA:24,0
DA:25,0
DA:26,0
DA:27,0
DA:28,0
DA:38,0
DA:44,0
DA:45,0
DA:46,0
DA:47,0
DA:48,0
DA:52,0
DA:53,0
DA:54,0
DA:55,0
DA:56,0
DA:66,0
DA:72,0
DA:73,0
DA:74,0
DA:75,0
DA:76,0
DA:80,0
DA:81,0
DA:82,0
DA:83,0
DA:84,0
DA:97,0
DA:106,0
DA:107,0
DA:108,0
DA:109,0
DA:110,0
DA:111,0
DA:112,0
DA:113,0
DA:117,0
DA:118,0
DA:119,0
DA:120,0
DA:121,0
DA:122,0
DA:123,0
DA:124,0
LF:54
LH:0
end_of_record
SF:lib\data\models\revenue_analytics.dart
DA:7,0
DA:14,0
DA:15,0
DA:16,0
DA:17,0
DA:18,0
DA:19,0
DA:20,0
DA:21,0
DA:22,0
DA:23,0
DA:27,0
DA:28,0
DA:29,0
DA:30,0
DA:31,0
DA:32,0
DA:42,0
DA:48,0
DA:49,0
DA:50,0
DA:51,0
DA:52,0
DA:56,0
DA:57,0
DA:58,0
DA:59,0
DA:60,0
DA:70,0
DA:76,0
DA:77,0
DA:78,0
DA:79,0
DA:80,0
DA:84,0
DA:85,0
DA:86,0
DA:87,0
DA:88,0
LF:39
LH:0
end_of_record
SF:lib\presentation\providers\language_provider.dart
DA:9,8
DA:10,8
DA:13,2
DA:14,2
DA:15,32
DA:16,0
DA:17,2
DA:19,8
DA:20,8
DA:21,6
DA:24,4
DA:25,2
DA:26,2
DA:27,2
DA:31,4
DA:32,8
DA:33,4
DA:34,4
DA:35,4
DA:36,3
DA:37,3
DA:40,1
DA:41,3
DA:42,1
DA:44,1
DA:48,7
DA:50,7
DA:51,8
DA:53,3
DA:57,4
DA:58,4
DA:65,14
DA:67,0
DA:68,0
LF:34
LH:31
end_of_record
SF:lib\presentation\providers\messaging_provider.dart
DA:18,1
DA:20,2
DA:21,0
DA:22,2
DA:23,0
DA:24,2
DA:25,2
DA:27,1
DA:29,0
DA:30,0
DA:34,0
DA:35,0
DA:36,0
DA:37,0
DA:40,2
DA:41,1
DA:42,1
DA:43,1
DA:47,2
DA:48,2
DA:49,1
DA:52,1
DA:53,1
DA:55,1
DA:56,1
DA:57,1
DA:59,1
DA:62,1
DA:67,2
DA:68,0
DA:69,0
DA:70,0
DA:73,2
DA:74,1
DA:75,0
DA:77,1
DA:81,1
DA:85,1
DA:88,1
DA:90,0
DA:91,0
DA:94,2
DA:95,1
DA:96,1
DA:99,1
DA:100,1
DA:101,1
DA:102,1
DA:103,1
DA:105,1
DA:108,0
DA:110,0
DA:114,0
DA:115,0
DA:116,0
DA:117,0
DA:120,0
DA:121,0
DA:122,0
DA:125,0
DA:126,0
DA:127,0
DA:128,0
DA:129,0
DA:131,0
DA:132,0
DA:135,0
DA:137,0
DA:138,0
DA:142,1
DA:144,0
DA:148,0
DA:149,0
DA:150,0
DA:153,1
DA:154,1
DA:155,1
DA:158,2
DA:159,0
DA:160,0
DA:161,0
DA:163,2
DA:167,1
DA:168,1
DA:170,2
DA:171,1
DA:174,1
DA:175,1
DA:179,1
DA:180,1
DA:181,3
DA:182,3
DA:184,1
DA:188,1
DA:192,1
DA:194,0
DA:195,0
DA:196,0
DA:199,1
DA:200,2
DA:201,1
DA:202,1
DA:205,0
DA:206,0
DA:209,0
DA:210,0
DA:214,1
DA:215,1
DA:218,2
DA:219,2
DA:223,0
DA:226,3
DA:229,1
DA:230,1
DA:234,0
DA:240,0
DA:241,0
DA:242,0
DA:245,0
DA:246,0
DA:247,0
DA:251,0
DA:252,0
DA:255,0
DA:256,0
DA:261,0
DA:264,0
DA:267,0
DA:268,0
DA:272,1
DA:273,2
DA:274,1
DA:277,1
DA:279,2
DA:284,5
DA:285,2
DA:286,2
DA:287,3
DA:288,1
DA:289,1
DA:290,1
DA:291,1
DA:292,1
DA:293,1
DA:294,1
DA:295,1
DA:297,1
DA:298,1
DA:300,1
DA:304,0
DA:306,0
DA:307,0
DA:314,0
DA:316,0
DA:317,0
DA:318,0
DA:322,1
DA:323,5
DA:326,1
DA:327,1
DA:328,1
DA:329,5
DA:330,1
DA:333,1
DA:335,2
DA:339,5
DA:340,1
DA:343,1
DA:345,1
DA:346,4
DA:347,0
DA:348,0
DA:353,2
DA:354,1
DA:357,0
DA:358,0
DA:359,0
DA:362,0
DA:364,0
DA:365,0
LF:180
LH:102
end_of_record
SF:lib\data\repositories\messaging_repository.dart
DA:9,1
DA:11,1
DA:12,1
DA:13,1
DA:15,1
DA:16,0
DA:20,1
DA:22,1
DA:23,1
DA:24,1
DA:26,1
DA:27,0
DA:36,2
DA:37,4
DA:38,2
DA:44,1
DA:45,2
DA:48,1
DA:49,1
DA:50,0
DA:51,0
DA:56,1
DA:57,1
DA:59,0
DA:60,0
DA:62,0
DA:65,0
DA:69,0
DA:70,0
DA:71,0
DA:72,0
DA:77,1
DA:78,1
DA:79,1
DA:80,1
DA:84,1
DA:86,1
DA:87,1
DA:88,1
DA:91,0
DA:92,1
DA:93,0
DA:98,0
DA:100,0
DA:102,0
DA:105,0
DA:106,0
DA:107,0
DA:108,0
DA:109,0
DA:114,0
DA:116,0
DA:117,0
DA:118,0
DA:121,0
DA:122,0
DA:123,0
DA:124,0
DA:125,0
DA:130,1
DA:136,1
DA:138,1
DA:141,1
DA:143,1
DA:146,0
DA:147,1
DA:148,0
DA:153,0
DA:160,0
DA:163,0
DA:164,0
DA:167,0
DA:170,0
DA:173,0
DA:174,0
DA:175,0
DA:180,1
DA:182,1
DA:183,1
DA:184,1
DA:186,1
DA:187,0
LF:82
LH:39
end_of_record
SF:lib\data\repositories\nutrition_repository.dart
DA:12,3
DA:13,6
DA:14,3
DA:20,1
DA:21,2
DA:24,1
DA:25,1
DA:26,0
DA:27,0
DA:32,1
DA:34,1
DA:36,1
DA:39,0
DA:41,0
DA:42,1
DA:43,0
DA:46,0
DA:51,0
DA:53,0
DA:55,0
DA:58,0
DA:59,0
DA:60,0
DA:65,0
DA:67,0
DA:68,0
DA:70,0
DA:72,0
DA:73,0
DA:78,0
DA:80,0
DA:82,0
DA:85,0
DA:86,0
DA:87,0
LF:35
LH:11
end_of_record
SF:lib\presentation\providers\nutrition_provider.dart
DA:19,2
DA:21,0
DA:22,4
DA:23,0
DA:24,0
DA:25,0
DA:26,0
DA:28,1
DA:29,2
DA:30,1
DA:31,1
DA:32,1
DA:33,1
DA:34,1
DA:38,1
DA:39,2
DA:41,3
DA:42,1
DA:43,1
DA:44,1
DA:45,1
DA:47,1
DA:50,1
DA:51,2
DA:57,2
DA:58,1
DA:59,0
DA:60,0
DA:61,0
DA:62,0
DA:66,1
DA:74,1
DA:75,1
DA:76,1
DA:77,1
DA:78,3
DA:79,3
DA:80,3
DA:81,3
DA:85,1
DA:86,1
DA:93,1
DA:94,1
DA:95,1
DA:102,1
DA:106,1
DA:113,1
DA:117,1
DA:124,1
DA:130,1
DA:137,1
DA:141,1
DA:142,1
DA:148,1
DA:149,1
DA:154,2
DA:156,0
DA:157,0
DA:158,0
DA:159,0
DA:162,2
DA:163,2
DA:166,4
DA:167,1
DA:169,2
DA:170,2
DA:173,2
DA:174,2
DA:177,1
DA:179,0
DA:180,0
DA:181,0
DA:182,0
DA:186,2
DA:187,2
DA:188,0
DA:191,1
DA:192,0
DA:193,0
DA:194,0
DA:197,1
DA:199,0
DA:200,0
DA:204,1
DA:205,2
DA:208,1
DA:209,2
DA:210,3
DA:211,1
DA:214,1
DA:215,3
DA:216,1
DA:217,1
DA:220,0
DA:225,0
DA:228,0
DA:229,0
DA:234,0
DA:236,0
DA:237,0
DA:238,0
DA:244,0
DA:245,0
DA:253,0
DA:254,0
DA:257,0
DA:258,0
DA:259,0
DA:262,0
DA:263,0
DA:264,0
DA:265,0
DA:269,1
DA:270,3
DA:272,6
DA:273,1
DA:274,1
DA:280,1
DA:281,6
DA:282,3
DA:283,7
DA:284,3
DA:287,1
DA:288,3
DA:290,6
DA:296,1
DA:297,3
DA:299,6
DA:300,2
DA:301,1
DA:307,1
DA:308,3
DA:310,4
DA:311,1
DA:312,0
DA:315,2
DA:316,1
DA:317,2
DA:318,2
DA:321,1
DA:322,3
DA:324,4
DA:325,2
DA:326,1
DA:327,2
DA:328,0
DA:329,0
DA:330,0
DA:331,0
DA:332,0
DA:333,0
DA:337,2
DA:338,1
DA:341,1
DA:342,3
DA:343,4
DA:344,1
DA:346,1
DA:349,0
DA:350,0
DA:351,0
LF:161
LH:109
end_of_record
SF:lib\data\repositories\user_repository.dart
DA:9,0
DA:11,0
DA:12,0
DA:13,0
DA:15,0
DA:16,0
DA:18,0
DA:20,0
DA:21,0
DA:29,2
DA:30,4
DA:31,2
DA:37,0
DA:38,0
DA:41,0
DA:42,0
DA:43,0
DA:44,0
DA:49,0
DA:51,0
DA:53,0
DA:56,0
DA:57,0
DA:58,0
DA:63,0
DA:68,0
DA:69,0
DA:71,0
DA:74,0
DA:75,0
DA:76,0
DA:81,0
DA:83,0
DA:86,0
DA:89,0
DA:90,0
DA:91,0
DA:96,0
DA:98,0
DA:101,0
DA:104,0
DA:105,0
DA:106,0
DA:111,0
DA:113,0
DA:115,0
DA:116,0
DA:119,0
DA:120,0
DA:121,0
DA:126,0
DA:128,0
DA:130,0
DA:133,0
DA:134,0
DA:135,0
DA:140,0
DA:142,0
DA:144,0
DA:147,0
DA:148,0
DA:149,0
DA:154,0
DA:156,0
DA:159,0
DA:161,0
DA:162,0
DA:167,0
DA:172,0
DA:174,0
DA:178,0
DA:180,0
DA:181,0
DA:186,0
DA:188,0
DA:190,0
DA:191,0
DA:193,0
DA:194,0
DA:199,0
DA:201,0
DA:202,0
DA:205,0
DA:206,0
DA:208,0
DA:211,0
DA:212,0
DA:213,0
DA:217,0
LF:89
LH:3
end_of_record
SF:lib\presentation\providers\user_provider.dart
DA:14,1
DA:17,2
DA:18,0
DA:19,2
DA:20,2
DA:23,0
DA:25,0
DA:26,0
DA:27,0
DA:28,0
DA:31,0
DA:32,0
DA:33,0
DA:36,0
DA:37,0
DA:38,0
DA:39,0
DA:41,0
DA:42,0
DA:43,0
DA:48,0
DA:50,0
DA:51,0
DA:52,0
DA:53,0
DA:54,0
DA:55,0
DA:56,0
DA:57,0
DA:58,0
DA:59,0
DA:60,0
DA:61,0
DA:62,0
DA:63,0
DA:64,0
DA:65,0
DA:66,0
DA:67,0
DA:69,0
DA:73,0
DA:74,0
DA:75,0
DA:79,0
DA:80,0
DA:81,0
DA:82,0
DA:85,0
DA:86,0
DA:87,0
DA:93,0
DA:95,0
DA:96,0
DA:98,0
DA:99,0
DA:100,0
DA:102,0
DA:106,0
DA:107,0
DA:108,0
DA:111,0
DA:112,0
DA:113,0
DA:114,0
DA:117,0
DA:118,0
DA:119,0
DA:125,0
DA:127,0
DA:128,0
DA:130,0
DA:131,0
DA:132,0
DA:133,0
DA:134,0
DA:135,0
DA:137,0
DA:141,0
DA:142,0
DA:143,0
DA:146,0
DA:147,0
DA:148,0
DA:149,0
DA:152,0
DA:153,0
DA:154,0
DA:160,0
DA:162,0
DA:163,0
DA:164,0
DA:168,0
DA:169,0
DA:170,0
DA:173,0
DA:174,0
DA:175,0
DA:176,0
DA:179,0
DA:180,0
DA:181,0
DA:187,0
DA:188,0
DA:189,0
DA:193,0
DA:194,0
DA:195,0
LF:107
LH:4
end_of_record
SF:lib\data\models\quota_status.dart
DA:14,0
DA:28,0
DA:29,0
DA:30,0
DA:31,0
DA:32,0
DA:33,0
DA:34,0
DA:35,0
DA:36,0
DA:37,0
DA:38,0
DA:39,0
DA:40,0
LF:14
LH:0
end_of_record
SF:lib\presentation\providers\quota_provider.dart
DA:39,1
DA:42,2
DA:43,2
DA:44,7
DA:45,2
DA:46,2
DA:47,7
DA:48,0
DA:49,0
DA:50,0
DA:51,0
DA:52,0
DA:53,0
DA:54,0
DA:55,2
DA:56,0
DA:57,6
DA:58,6
DA:59,0
DA:60,0
DA:63,0
DA:65,0
DA:66,0
DA:67,0
DA:68,0
DA:69,0
DA:70,0
DA:71,0
DA:72,0
DA:73,0
DA:74,0
DA:75,0
DA:76,0
DA:77,0
DA:78,0
DA:81,0
DA:82,0
DA:83,0
DA:85,0
DA:86,0
DA:87,0
DA:88,0
DA:89,0
DA:90,0
DA:91,0
DA:92,0
DA:93,0
DA:94,0
DA:95,0
DA:96,0
DA:97,0
DA:98,0
DA:100,0
DA:101,0
DA:102,0
DA:107,0
DA:108,0
DA:111,0
DA:112,0
DA:113,0
DA:118,0
DA:119,0
DA:120,0
DA:124,0
DA:125,0
DA:126,0
DA:130,0
DA:131,0
DA:135,0
DA:136,0
DA:140,0
DA:141,0
DA:142,0
DA:145,0
DA:146,0
DA:148,0
DA:149,0
DA:152,0
DA:160,0
DA:161,0
DA:162,0
LF:81
LH:10
end_of_record
SF:lib\presentation\providers\theme_provider.dart
DA:9,2
DA:12,1
DA:13,1
DA:17,3
DA:20,1
DA:21,1
DA:24,1
DA:25,1
DA:29,1
DA:30,2
DA:31,1
DA:32,2
DA:33,1
DA:36,0
DA:41,1
DA:42,3
DA:46,1
DA:47,3
DA:51,1
DA:52,3
DA:56,1
DA:57,4
DA:61,1
DA:62,2
DA:66,2
DA:68,1
DA:70,2
DA:73,2
DA:74,3
DA:76,2
DA:77,2
DA:78,1
DA:81,1
DA:82,1
DA:85,1
DA:87,1
DA:90,1
DA:91,1
DA:92,3
DA:95,1
DA:97,1
DA:98,2
DA:100,1
DA:103,1
DA:104,1
DA:105,1
DA:106,1
DA:108,1
DA:109,2
DA:111,1
LF:50
LH:49
end_of_record
SF:lib\core\config\theme_config.dart
DA:8,2
DA:9,2
DA:13,2
DA:29,2
DA:34,2
DA:37,2
DA:43,2
DA:46,2
DA:47,2
DA:48,2
DA:49,2
DA:55,2
DA:59,2
DA:60,2
DA:61,2
DA:63,2
DA:64,2
DA:65,2
DA:67,2
DA:68,2
DA:69,2
DA:71,2
DA:72,2
DA:73,2
DA:75,2
DA:76,2
DA:77,2
DA:80,2
DA:81,2
DA:85,2
DA:86,2
DA:91,2
DA:92,2
DA:101,2
DA:102,2
DA:105,2
DA:106,2
DA:107,2
DA:116,2
DA:117,2
DA:120,2
DA:121,2
DA:130,2
DA:134,2
DA:135,2
DA:140,2
DA:151,2
DA:154,2
DA:155,2
DA:157,2
DA:160,2
DA:166,2
DA:168,2
DA:171,2
DA:172,2
DA:178,2
DA:181,2
DA:185,2
DA:186,2
DA:192,2
DA:199,2
DA:200,2
DA:201,0
DA:206,2
DA:207,0
DA:215,2
DA:216,2
DA:217,0
DA:222,2
DA:223,2
DA:224,2
DA:225,2
DA:230,2
DA:231,2
DA:232,0
DA:240,2
DA:244,2
DA:250,2
DA:257,2
DA:259,2
DA:264,2
DA:270,2
DA:288,2
DA:289,2
DA:291,2
DA:293,2
DA:300,2
DA:303,2
DA:312,2
DA:313,2
DA:317,2
LF:91
LH:87
end_of_record
SF:lib\presentation\providers\workout_provider.dart
DA:17,2
DA:19,2
DA:20,2
DA:21,2
DA:22,2
DA:23,2
DA:25,1
DA:26,2
DA:27,7
DA:28,4
DA:31,1
DA:32,1
DA:41,1
DA:45,1
DA:48,1
DA:52,1
DA:53,1
DA:54,1
DA:58,1
DA:60,0
DA:61,0
DA:62,0
DA:63,0
DA:64,0
DA:67,1
DA:68,1
DA:71,2
DA:72,0
DA:74,2
DA:75,2
DA:78,1
DA:79,1
DA:82,1
DA:84,0
DA:85,0
DA:86,0
DA:87,0
DA:90,1
DA:91,1
DA:94,2
DA:95,0
DA:97,2
DA:98,2
DA:99,1
DA:110,1
DA:111,1
DA:114,1
DA:115,1
DA:116,1
DA:119,1
DA:121,0
DA:122,0
DA:126,2
DA:128,2
DA:130,2
DA:131,1
DA:135,0
DA:140,0
DA:141,0
DA:143,0
DA:144,0
DA:145,0
DA:146,0
DA:149,0
DA:151,0
DA:152,0
DA:155,0
DA:159,0
DA:160,0
DA:163,0
DA:164,0
DA:165,0
DA:166,0
DA:170,0
DA:171,0
DA:172,0
DA:173,0
DA:175,0
DA:178,0
DA:184,0
DA:189,0
DA:190,0
DA:194,0
DA:198,0
DA:201,0
DA:202,0
DA:207,0
DA:212,0
DA:215,0
DA:216,0
DA:221,2
DA:222,4
DA:225,1
DA:226,1
DA:227,1
LF:95
LH:48
end_of_record
SF:lib\data\repositories\workout_repository.dart
DA:13,3
DA:14,6
DA:15,3
DA:21,1
DA:22,2
DA:25,1
DA:26,1
DA:27,0
DA:28,0
DA:33,1
DA:35,1
DA:37,1
DA:40,0
DA:42,0
DA:43,1
DA:44,0
DA:47,0
DA:52,1
DA:60,1
DA:61,0
DA:62,0
DA:63,0
DA:64,0
DA:65,0
DA:67,1
DA:70,1
DA:73,0
DA:74,1
DA:75,0
DA:80,0
DA:82,0
DA:83,0
DA:84,0
DA:87,0
DA:88,0
DA:89,0
DA:94,0
DA:96,0
DA:97,0
DA:98,0
DA:101,0
DA:102,0
DA:103,0
DA:108,0
DA:110,0
DA:112,0
DA:115,0
DA:116,0
DA:117,0
DA:122,0
DA:124,0
DA:126,0
DA:127,0
DA:129,0
DA:130,0
DA:135,0
DA:137,0
DA:138,0
DA:139,0
DA:141,0
DA:142,0
DA:147,1
DA:149,1
DA:150,1
DA:151,1
DA:153,1
DA:154,0
DA:159,0
DA:164,0
DA:165,0
DA:166,0
DA:167,0
DA:170,0
DA:171,0
DA:172,0
DA:173,0
DA:174,0
DA:179,0
DA:184,0
DA:186,0
DA:190,0
DA:192,0
DA:193,0
DA:198,0
DA:200,0
DA:203,0
DA:205,0
DA:206,0
DA:211,0
DA:213,0
DA:215,0
DA:218,0
DA:219,0
DA:220,0
DA:229,0
DA:231,0
DA:233,0
DA:234,0
DA:237,0
DA:238,0
DA:239,0
DA:244,0
DA:246,0
DA:248,0
DA:249,0
DA:252,0
DA:253,0
DA:254,0
DA:255,0
DA:256,0
DA:261,0
DA:263,0
DA:265,0
DA:268,0
DA:270,0
DA:271,0
DA:272,0
DA:275,0
DA:280,0
DA:282,0
DA:283,0
DA:284,0
DA:287,0
DA:288,0
DA:289,0
DA:294,0
DA:296,0
DA:297,0
DA:298,0
DA:299,0
DA:300,0
DA:302,0
DA:305,0
DA:306,0
DA:307,0
DA:312,0
DA:314,0
DA:315,0
DA:316,0
DA:318,0
DA:319,0
DA:324,0
DA:329,0
DA:330,0
DA:331,0
DA:333,0
DA:336,0
DA:339,0
DA:340,0
DA:341,0
DA:346,0
DA:348,0
DA:350,0
DA:353,0
DA:355,0
DA:356,0
DA:357,0
DA:360,0
DA:365,0
DA:367,0
DA:369,0
DA:372,0
DA:373,0
DA:374,0
DA:379,0
DA:381,0
DA:383,0
DA:384,0
DA:387,0
DA:388,0
DA:389,0
DA:394,0
DA:396,0
DA:398,0
DA:401,0
DA:403,0
DA:404,0
DA:405,0
DA:410,0
DA:412,0
DA:413,0
DA:416,0
DA:419,0
DA:422,0
DA:423,0
DA:424,0
LF:186
LH:21
end_of_record
SF:lib\data\models\inbody_model.dart
DA:40,0
DA:68,0
DA:69,0
DA:70,0
DA:71,0
DA:72,0
DA:73,0
DA:74,0
DA:75,0
DA:76,0
DA:77,0
DA:78,0
DA:79,0
DA:80,0
DA:81,0
DA:82,0
DA:83,0
DA:84,0
DA:85,0
DA:86,0
DA:87,0
DA:89,0
DA:90,0
DA:91,0
DA:92,0
DA:94,0
DA:95,0
DA:96,0
DA:97,0
DA:98,0
DA:99,0
DA:100,0
DA:102,0
DA:103,0
DA:104,0
DA:106,0
DA:107,0
DA:112,0
DA:113,0
DA:114,0
DA:115,0
DA:116,0
DA:117,0
DA:118,0
DA:119,0
DA:120,0
DA:121,0
DA:122,0
DA:123,0
DA:124,0
DA:125,0
DA:126,0
DA:127,0
DA:128,0
DA:129,0
DA:130,0
DA:132,0
DA:133,0
DA:134,0
DA:135,0
DA:136,0
DA:137,0
DA:138,0
DA:139,0
DA:140,0
DA:141,0
DA:146,0
DA:147,0
DA:149,0
DA:150,0
DA:155,0
DA:156,0
DA:157,0
DA:158,0
DA:163,0
DA:164,0
DA:165,0
DA:166,0
DA:167,0
DA:168,0
DA:170,0
DA:171,0
DA:172,0
DA:173,0
DA:174,0
DA:181,0
DA:182,0
DA:183,0
DA:188,0
DA:189,0
DA:190,0
DA:191,0
DA:203,0
DA:211,0
DA:212,0
DA:213,0
DA:214,0
DA:215,0
DA:216,0
DA:217,0
DA:229,0
DA:237,0
DA:238,0
DA:239,0
DA:240,0
DA:241,0
DA:242,0
DA:243,0
DA:244,0
DA:262,0
DA:275,0
DA:276,0
DA:277,0
DA:278,0
DA:279,0
DA:280,0
DA:282,0
DA:283,0
DA:285,0
DA:286,0
DA:288,0
DA:289,0
DA:291,0
DA:292,0
DA:293,0
DA:295,0
DA:296,0
DA:298,0
DA:299,0
DA:304,0
DA:305,0
DA:306,0
DA:307,0
DA:308,0
DA:309,0
DA:310,0
DA:311,0
LF:137
LH:0
end_of_record
SF:lib\presentation\providers\auth_provider.dart
DA:17,2
DA:19,2
DA:24,0
DA:25,2
DA:26,2
DA:27,0
DA:28,0
DA:29,0
DA:32,2
DA:34,0
DA:35,0
DA:36,0
DA:40,4
DA:43,0
DA:44,0
DA:45,0
DA:46,0
DA:49,0
DA:50,0
DA:54,0
DA:56,2
DA:57,0
DA:58,0
DA:64,0
DA:66,0
DA:69,0
DA:70,0
DA:71,0
DA:72,0
DA:75,0
DA:76,0
DA:77,0
DA:80,0
DA:81,0
DA:82,0
DA:88,0
DA:90,0
DA:93,0
DA:94,0
DA:95,0
DA:98,0
DA:100,0
DA:101,0
DA:102,0
DA:105,0
DA:107,0
DA:108,0
DA:111,0
DA:112,0
DA:113,0
DA:119,0
DA:124,0
DA:127,0
DA:128,0
DA:129,0
DA:132,0
DA:137,0
DA:138,0
DA:139,0
DA:142,0
DA:144,0
DA:145,0
DA:148,0
DA:149,0
DA:150,0
DA:156,0
DA:163,0
DA:166,0
DA:167,0
DA:168,0
DA:171,0
DA:178,0
DA:179,0
DA:180,0
DA:183,0
DA:185,0
DA:186,0
DA:189,0
DA:190,0
DA:191,0
DA:197,0
DA:199,0
DA:202,0
DA:203,0
DA:204,0
DA:207,0
DA:209,0
DA:210,0
DA:211,0
DA:214,0
DA:216,0
DA:217,0
DA:220,0
DA:221,0
DA:222,0
DA:228,0
DA:230,0
DA:231,0
DA:235,0
DA:237,0
DA:238,0
DA:241,0
DA:242,0
DA:247,0
DA:249,0
DA:250,0
DA:251,0
DA:252,0
DA:253,0
DA:256,0
DA:257,0
DA:260,0
DA:262,0
DA:263,0
DA:264,0
DA:265,0
DA:267,0
DA:268,0
DA:270,0
DA:271,0
DA:272,0
DA:277,1
DA:278,1
DA:279,1
DA:282,0
DA:284,0
DA:288,0
DA:289,0
DA:290,0
DA:293,0
DA:294,0
DA:295,0
DA:296,0
DA:297,0
DA:298,0
DA:299,0
LF:136
LH:10
end_of_record
SF:lib\presentation\screens\auth\auth_screen.dart
DA:13,1
DA:17,1
DA:18,1
DA:36,2
DA:38,2
DA:40,1
DA:42,2
DA:43,2
DA:44,2
DA:45,2
DA:46,2
DA:47,2
DA:48,2
DA:49,1
DA:51,2
DA:52,1
DA:54,1
DA:57,0
DA:58,0
DA:59,0
DA:60,0
DA:63,0
DA:64,0
DA:65,0
DA:68,0
DA:69,0
DA:70,0
DA:71,0
DA:73,0
DA:74,0
DA:75,0
DA:76,0
DA:77,0
DA:78,0
DA:79,0
DA:82,0
DA:86,0
DA:87,0
DA:88,0
DA:89,0
DA:91,0
DA:92,0
DA:96,0
DA:97,0
DA:100,0
DA:101,0
DA:103,0
DA:104,0
DA:105,0
DA:106,0
DA:110,0
DA:111,0
DA:112,0
DA:113,0
DA:114,0
DA:116,0
DA:117,0
DA:121,0
DA:122,0
DA:125,0
DA:126,0
DA:127,0
DA:128,0
DA:129,0
DA:131,0
DA:132,0
DA:133,0
DA:137,0
DA:138,0
DA:139,0
DA:140,0
DA:141,0
DA:143,0
DA:144,0
DA:148,0
DA:153,0
DA:156,0
DA:157,0
DA:158,0
DA:162,0
DA:163,0
DA:164,0
DA:165,0
DA:166,0
DA:167,0
DA:168,0
DA:169,0
DA:171,0
DA:172,0
DA:173,0
DA:174,0
DA:175,0
DA:176,0
DA:180,0
DA:181,0
DA:185,0
DA:192,0
DA:195,0
DA:196,0
DA:197,0
DA:201,0
DA:202,0
DA:203,0
DA:204,0
DA:207,0
DA:208,0
DA:209,0
DA:213,0
DA:214,0
DA:216,0
DA:217,0
DA:219,0
DA:223,0
DA:224,0
DA:227,0
DA:228,0
DA:229,0
DA:231,0
DA:232,0
DA:236,0
DA:237,0
DA:238,0
DA:242,1
DA:244,1
DA:245,2
DA:246,1
DA:247,1
DA:248,1
DA:249,2
DA:250,2
DA:251,1
DA:253,1
DA:254,2
DA:256,1
DA:258,1
DA:259,1
DA:266,1
DA:267,1
DA:268,2
DA:269,2
DA:271,1
DA:272,0
DA:273,0
DA:274,0
DA:275,0
DA:276,0
DA:281,2
DA:287,1
DA:289,1
DA:290,1
DA:291,1
DA:293,1
DA:294,1
DA:296,1
DA:297,1
DA:298,1
DA:299,1
DA:300,1
DA:304,1
DA:308,2
DA:309,1
DA:310,1
DA:311,1
DA:313,1
DA:314,1
DA:315,1
DA:316,0
DA:317,0
DA:318,1
DA:319,1
DA:320,1
DA:321,1
DA:324,1
DA:326,1
DA:328,1
DA:330,1
DA:337,1
DA:338,1
DA:346,1
DA:347,1
DA:348,1
DA:350,1
DA:357,1
DA:359,1
DA:360,1
DA:362,1
DA:364,1
DA:366,1
DA:367,1
DA:368,2
DA:369,0
DA:370,2
DA:371,1
DA:372,1
DA:381,1
DA:382,2
DA:383,0
DA:384,2
DA:385,1
DA:386,2
DA:387,1
DA:388,2
DA:389,1
DA:390,1
DA:398,3
DA:399,1
DA:400,1
DA:402,4
DA:403,1
DA:406,1
DA:407,1
DA:414,1
DA:415,1
DA:420,1
DA:421,1
DA:423,4
DA:424,1
DA:427,1
DA:428,1
DA:435,1
DA:436,1
DA:441,1
DA:442,1
DA:444,1
DA:446,1
DA:447,1
DA:458,1
DA:460,1
DA:461,1
DA:464,1
DA:466,0
DA:469,1
DA:472,1
DA:474,0
DA:477,1
DA:480,1
DA:482,0
DA:487,1
DA:488,1
DA:489,2
DA:490,2
DA:494,3
DA:495,1
DA:496,1
DA:497,1
DA:498,1
DA:502,1
DA:503,1
DA:504,1
DA:505,1
DA:509,1
DA:511,1
DA:512,2
DA:513,2
DA:517,1
DA:518,2
DA:519,1
DA:522,1
DA:531,2
DA:534,1
DA:535,1
DA:537,0
DA:538,2
DA:541,1
DA:542,1
DA:543,1
DA:545,4
DA:546,1
DA:547,3
DA:552,3
DA:553,1
DA:554,1
DA:555,1
DA:556,1
DA:559,1
DA:560,1
DA:561,1
DA:562,1
DA:566,1
DA:567,1
DA:568,1
DA:569,1
DA:573,1
DA:574,1
DA:575,1
DA:576,1
DA:580,1
DA:581,1
DA:582,1
DA:583,1
DA:587,1
DA:588,2
DA:589,1
DA:592,1
DA:601,2
DA:604,1
DA:605,1
DA:607,0
DA:608,2
DA:611,1
DA:612,1
DA:613,1
DA:615,4
DA:616,1
DA:617,3
DA:622,3
DA:623,1
DA:624,1
DA:625,1
DA:626,1
DA:628,1
DA:631,1
DA:632,2
DA:634,0
DA:635,1
DA:638,1
DA:647,2
DA:650,1
DA:651,1
DA:653,0
DA:654,2
DA:657,2
DA:658,0
DA:660,0
DA:661,0
DA:663,0
DA:664,0
DA:665,0
DA:673,0
DA:676,0
DA:677,0
DA:680,0
DA:681,0
DA:683,0
DA:684,0
DA:685,0
DA:686,0
DA:687,0
DA:689,0
DA:690,0
DA:698,0
DA:699,0
DA:700,0
DA:709,0
DA:711,0
DA:713,0
DA:714,0
DA:722,0
DA:723,0
DA:724,0
DA:725,0
DA:726,0
DA:727,0
DA:728,0
DA:732,0
DA:733,0
DA:734,0
DA:735,0
DA:736,0
DA:737,0
DA:741,0
DA:749,1
DA:750,1
DA:758,1
DA:759,1
DA:770,1
DA:771,1
DA:782,1
DA:783,1
DA:793,0
DA:804,1
DA:809,1
DA:811,1
DA:816,1
DA:820,1
DA:828,1
DA:830,1
DA:831,1
DA:840,1
DA:845,1
DA:847,1
DA:848,1
LF:382
LH:221
end_of_record
SF:lib\presentation\screens\onboarding_screen.dart
DA:11,1
DA:16,1
DA:17,1
DA:24,1
DA:26,2
DA:27,1
DA:30,1
DA:34,1
DA:36,1
DA:38,1
DA:40,1
DA:41,2
DA:43,1
DA:44,1
DA:46,1
DA:47,1
DA:50,1
DA:53,1
DA:54,1
DA:55,1
DA:57,1
DA:61,1
DA:62,1
DA:64,1
DA:66,1
DA:67,1
DA:70,2
DA:71,2
DA:76,1
DA:77,1
DA:79,1
DA:80,1
DA:81,0
DA:82,0
DA:83,0
DA:86,1
DA:87,1
DA:88,1
DA:89,1
DA:98,1
DA:102,1
DA:103,1
DA:104,1
DA:105,1
DA:107,1
DA:108,1
DA:109,1
DA:110,2
DA:113,1
DA:115,1
DA:117,1
DA:119,1
DA:120,1
DA:121,2
DA:122,2
DA:123,1
DA:124,2
DA:125,2
DA:127,0
DA:128,0
DA:141,1
DA:142,1
DA:143,1
DA:144,2
DA:146,0
DA:147,0
DA:152,1
DA:155,1
DA:156,1
DA:159,1
DA:165,1
DA:166,1
DA:167,1
DA:168,1
DA:171,0
DA:172,0
DA:173,0
DA:178,0
DA:181,1
DA:182,4
DA:183,1
DA:184,0
DA:185,1
DA:206,1
DA:207,1
DA:208,1
DA:209,1
DA:210,1
DA:212,1
DA:213,1
DA:214,1
DA:218,1
DA:219,1
DA:220,1
DA:222,1
DA:223,1
DA:224,1
DA:228,1
DA:229,1
DA:230,1
DA:232,1
DA:233,1
DA:234,1
DA:238,1
DA:239,1
DA:240,1
DA:242,1
DA:243,1
DA:244,1
DA:259,1
DA:272,1
DA:277,1
DA:279,1
DA:281,1
DA:282,1
DA:283,1
DA:284,1
DA:285,2
DA:286,1
DA:288,1
DA:290,1
DA:292,1
DA:294,1
DA:295,1
DA:297,1
DA:298,1
DA:299,1
DA:300,2
DA:302,0
DA:303,0
DA:306,0
DA:315,1
DA:318,3
DA:320,1
DA:323,3
DA:332,1
DA:334,1
DA:335,2
DA:336,1
DA:339,1
DA:346,1
DA:348,1
DA:349,2
DA:350,1
DA:353,1
DA:372,1
DA:379,1
DA:381,1
DA:382,1
DA:384,1
DA:385,1
DA:386,1
DA:387,1
DA:390,1
DA:392,1
DA:393,2
DA:394,1
DA:406,1
DA:411,1
DA:413,1
DA:414,1
DA:415,1
DA:416,1
DA:417,2
LF:164
LH:149
end_of_record
SF:lib\presentation\screens\splash_screen.dart
DA:7,2
DA:11,2
DA:12,2
DA:19,2
DA:21,2
DA:22,4
DA:25,2
DA:26,4
DA:27,2
DA:28,4
DA:29,2
DA:35,2
DA:37,4
DA:38,2
DA:41,2
DA:45,2
DA:47,1
DA:50,2
DA:51,2
DA:53,2
DA:67,2
DA:70,2
DA:71,2
DA:72,2
DA:73,8
DA:74,8
DA:75,2
DA:77,2
DA:80,2
DA:83,2
DA:84,2
DA:86,2
DA:87,2
DA:88,2
DA:97,2
DA:100,2
DA:101,2
DA:102,2
DA:103,8
DA:104,8
DA:105,2
DA:107,2
DA:110,2
DA:113,2
DA:114,2
DA:116,2
DA:117,2
DA:118,2
DA:127,2
DA:128,2
DA:129,2
DA:131,2
DA:132,2
DA:134,2
DA:135,2
DA:140,0
DA:145,2
DA:146,2
DA:155,2
DA:156,2
DA:159,2
DA:162,2
DA:166,2
DA:167,4
DA:168,2
DA:172,2
DA:173,2
DA:177,2
DA:178,2
LF:69
LH:68
end_of_record
SF:lib\presentation\screens\language_selection_screen.dart
DA:9,1
DA:14,1
DA:18,1
DA:20,0
DA:23,0
DA:25,0
DA:27,0
DA:31,1
DA:33,1
DA:34,1
DA:35,1
DA:36,1
DA:37,1
DA:39,1
DA:45,1
DA:46,1
DA:60,1
DA:61,1
DA:63,1
DA:65,1
DA:66,1
DA:72,1
DA:73,1
DA:82,1
DA:83,1
DA:91,1
DA:93,1
DA:95,0
DA:96,0
DA:97,0
DA:101,1
DA:103,1
DA:105,0
DA:106,0
DA:107,0
DA:111,1
DA:112,1
DA:135,1
DA:142,1
DA:144,1
DA:146,1
DA:148,1
DA:149,1
DA:150,1
DA:151,1
DA:156,1
DA:157,2
DA:158,1
DA:159,1
DA:160,2
DA:163,1
DA:164,1
DA:165,2
DA:171,1
DA:172,1
DA:173,1
DA:174,1
DA:178,1
DA:179,1
DA:180,1
DA:188,1
DA:189,1
LF:62
LH:52
end_of_record
SF:lib\presentation\screens\store\store_intro_screen.dart
DA:10,1
DA:15,1
DA:17,1
DA:18,1
DA:20,1
DA:21,1
DA:22,1
DA:23,1
DA:24,1
DA:26,1
DA:32,1
DA:33,1
DA:47,1
DA:48,1
DA:49,2
DA:50,1
DA:51,2
DA:52,1
DA:54,1
DA:57,1
DA:58,1
DA:59,1
DA:67,1
DA:68,1
DA:69,1
DA:70,2
DA:75,1
DA:78,1
DA:79,1
DA:83,1
DA:86,1
DA:87,1
DA:91,1
DA:94,1
DA:95,1
DA:99,1
DA:102,1
DA:103,1
DA:107,1
DA:109,1
DA:110,1
DA:111,1
DA:116,2
DA:139,1
DA:147,1
DA:149,1
DA:150,1
DA:151,1
DA:152,1
DA:153,1
DA:155,1
DA:156,2
DA:157,1
DA:158,3
DA:160,1
DA:161,1
DA:162,1
DA:163,1
DA:164,1
DA:166,1
DA:167,1
DA:168,1
DA:173,1
DA:174,1
DA:175,1
DA:176,2
DA:185,3
DA:187,0
DA:188,0
DA:190,0
DA:191,0
DA:193,0
DA:194,0
DA:195,0
DA:199,0
DA:200,0
DA:201,0
DA:202,0
DA:221,1
DA:226,1
DA:228,1
DA:231,1
DA:232,3
DA:233,1
DA:235,3
LF:85
LH:74
end_of_record
SF:lib\presentation\screens\nutrition\nutrition_intro_screen.dart
DA:10,1
DA:15,1
DA:17,1
DA:18,1
DA:20,1
DA:21,1
DA:22,1
DA:23,1
DA:24,1
DA:26,1
DA:32,1
DA:33,1
DA:47,1
DA:48,1
DA:50,1
DA:51,1
DA:53,1
DA:63,1
DA:64,1
DA:73,1
DA:74,1
DA:75,1
DA:76,2
DA:82,1
DA:83,1
DA:85,1
DA:86,1
DA:89,1
DA:90,1
DA:94,1
DA:97,1
DA:98,1
DA:102,1
DA:105,1
DA:106,1
DA:110,1
DA:113,1
DA:114,1
DA:121,1
DA:124,1
DA:125,1
DA:126,1
DA:131,1
DA:133,1
DA:134,2
DA:136,1
DA:142,1
DA:143,1
DA:144,1
DA:145,2
DA:167,1
DA:175,1
DA:177,1
DA:178,1
DA:179,1
DA:180,1
DA:181,1
DA:183,1
DA:184,2
DA:185,1
DA:186,3
DA:188,1
DA:190,1
DA:191,1
DA:192,1
DA:193,1
DA:195,1
DA:196,1
DA:197,1
DA:202,1
DA:203,1
DA:204,1
DA:205,2
DA:214,3
DA:216,0
DA:217,0
DA:219,0
DA:220,0
DA:222,0
DA:223,0
DA:224,0
DA:228,0
DA:229,0
DA:230,0
DA:231,0
DA:250,1
DA:255,1
DA:257,1
DA:260,1
DA:261,3
DA:262,1
DA:264,3
LF:92
LH:81
end_of_record
SF:lib\presentation\screens\messaging\coach_intro_screen.dart
DA:10,1
DA:15,1
DA:17,1
DA:18,1
DA:20,1
DA:21,1
DA:22,1
DA:23,1
DA:24,1
DA:26,1
DA:32,1
DA:33,1
DA:47,1
DA:48,1
DA:49,2
DA:50,1
DA:51,2
DA:52,1
DA:54,1
DA:57,1
DA:58,1
DA:59,1
DA:67,1
DA:68,1
DA:69,1
DA:70,2
DA:75,1
DA:78,1
DA:79,1
DA:83,1
DA:86,1
DA:87,1
DA:91,1
DA:94,1
DA:95,1
DA:99,1
DA:102,1
DA:103,1
DA:107,1
DA:109,1
DA:110,1
DA:111,1
DA:116,2
DA:139,1
DA:147,1
DA:149,1
DA:150,1
DA:151,1
DA:152,1
DA:153,1
DA:155,1
DA:156,2
DA:157,1
DA:158,3
DA:160,1
DA:161,1
DA:162,1
DA:163,1
DA:164,1
DA:166,1
DA:167,1
DA:168,1
DA:173,1
DA:174,1
DA:175,1
DA:176,2
DA:185,3
DA:187,0
DA:188,0
DA:190,0
DA:191,0
DA:193,0
DA:194,0
DA:195,0
DA:199,0
DA:200,0
DA:201,0
DA:202,0
DA:221,1
DA:226,1
DA:228,1
DA:231,1
DA:232,3
DA:233,1
DA:235,3
LF:85
LH:74
end_of_record
SF:lib\presentation\screens\nutrition\nutrition_preferences_intake_screen.dart
DA:9,1
DA:15,1
DA:16,1
DA:31,1
DA:33,2
DA:34,1
DA:37,0
DA:38,0
DA:39,0
DA:41,0
DA:45,0
DA:46,0
DA:47,0
DA:49,0
DA:53,0
DA:54,0
DA:55,0
DA:56,0
DA:57,0
DA:58,0
DA:59,0
DA:60,0
DA:61,0
DA:62,0
DA:63,0
DA:65,0
DA:69,1
DA:71,1
DA:72,1
DA:74,1
DA:75,1
DA:76,1
DA:77,1
DA:78,1
DA:80,2
DA:82,1
DA:84,1
DA:86,1
DA:87,1
DA:88,1
DA:92,1
DA:93,3
DA:97,2
DA:98,1
DA:99,1
DA:100,1
DA:101,1
DA:102,1
DA:103,2
DA:107,1
DA:108,1
DA:109,1
DA:110,1
DA:111,3
DA:123,1
DA:124,1
DA:125,1
DA:126,1
DA:127,0
DA:128,0
DA:130,0
DA:134,1
DA:135,1
DA:136,2
DA:137,2
DA:138,2
DA:139,2
DA:140,2
DA:142,1
DA:143,2
DA:144,2
DA:145,2
DA:146,2
DA:149,1
DA:150,1
DA:151,1
DA:152,1
DA:156,2
DA:158,2
DA:160,2
DA:162,2
DA:164,2
DA:169,0
DA:170,0
DA:171,0
DA:172,0
DA:173,0
DA:177,0
DA:179,0
DA:180,0
DA:181,0
DA:182,0
DA:183,0
DA:184,0
DA:186,0
DA:187,0
DA:190,0
DA:191,0
DA:192,0
DA:193,0
DA:194,0
DA:195,0
DA:197,0
DA:198,0
DA:201,0
DA:202,0
DA:203,0
DA:204,0
DA:205,0
DA:206,0
DA:208,0
DA:209,0
DA:212,0
DA:213,0
DA:214,0
DA:215,0
DA:216,0
DA:217,0
DA:219,0
DA:220,0
DA:223,0
DA:225,0
DA:226,0
DA:227,0
DA:228,0
DA:229,0
DA:230,0
DA:232,0
DA:235,0
DA:237,0
DA:238,0
DA:239,0
DA:240,0
DA:241,0
DA:242,0
DA:244,0
DA:250,0
DA:251,0
DA:252,0
DA:253,0
DA:254,0
DA:258,0
DA:260,0
DA:261,0
DA:263,0
DA:264,0
DA:265,0
DA:272,1
DA:273,1
DA:277,1
DA:278,2
DA:279,2
DA:280,2
DA:281,0
DA:282,0
DA:284,0
DA:286,0
DA:292,1
DA:296,0
DA:302,0
DA:304,0
DA:305,0
DA:307,0
DA:311,0
DA:312,0
DA:313,0
DA:314,0
DA:315,0
DA:318,0
DA:329,1
LF:170
LH:67
end_of_record
SF:lib\presentation\screens\nutrition\nutrition_screen.dart
DA:17,3
DA:19,1
DA:20,1
DA:29,1
DA:31,1
DA:32,1
DA:33,1
DA:34,2
DA:35,2
DA:36,1
DA:37,1
DA:41,1
DA:42,1
DA:43,1
DA:44,1
DA:45,2
DA:46,1
DA:47,1
DA:52,0
DA:53,0
DA:54,0
DA:55,0
DA:56,0
DA:57,0
DA:62,1
DA:63,1
DA:64,4
DA:65,1
DA:66,1
DA:67,1
DA:68,1
DA:70,1
DA:71,2
DA:72,1
DA:73,1
DA:78,0
DA:79,0
DA:80,0
DA:81,0
DA:82,0
DA:83,0
DA:84,0
DA:85,0
DA:86,0
DA:87,0
DA:88,0
DA:89,0
DA:94,1
DA:96,1
DA:97,1
DA:98,1
DA:99,1
DA:100,2
DA:102,2
DA:108,1
DA:109,0
DA:113,1
DA:115,1
DA:125,1
DA:128,0
DA:129,0
DA:130,0
DA:131,0
DA:135,0
DA:136,0
DA:139,0
DA:140,0
DA:141,0
DA:142,0
DA:144,0
DA:146,0
DA:147,0
DA:148,0
DA:149,0
DA:150,0
DA:152,0
DA:158,0
DA:159,0
DA:160,0
DA:161,0
DA:170,0
DA:171,0
DA:172,0
DA:173,0
DA:174,0
DA:175,0
DA:176,0
DA:181,0
DA:182,0
DA:184,0
DA:185,0
DA:186,0
DA:193,0
DA:194,0
DA:203,0
DA:205,0
DA:206,0
DA:211,0
DA:213,0
DA:214,0
DA:215,0
DA:216,0
DA:218,0
DA:220,0
DA:221,0
DA:223,0
DA:224,0
DA:225,0
DA:231,0
DA:233,0
DA:234,0
DA:235,0
DA:237,0
DA:238,0
DA:245,0
DA:246,0
DA:250,0
DA:251,0
DA:252,0
DA:253,0
DA:255,0
DA:266,0
DA:268,0
DA:270,0
DA:272,0
DA:273,0
DA:275,0
DA:280,0
DA:282,0
DA:285,0
DA:286,0
DA:287,0
DA:288,0
DA:294,0
DA:295,0
DA:296,0
DA:297,0
DA:298,0
DA:299,0
DA:311,0
DA:316,0
DA:318,0
DA:320,0
DA:321,0
DA:323,0
DA:324,0
DA:328,0
DA:329,0
DA:340,0
DA:345,0
DA:347,0
DA:349,0
DA:350,0
DA:351,0
DA:355,0
DA:356,0
DA:367,0
DA:372,0
DA:374,0
DA:376,0
DA:377,0
DA:379,0
DA:385,0
DA:386,0
DA:387,0
DA:389,0
DA:390,0
DA:391,0
DA:393,0
DA:394,0
DA:395,0
DA:397,0
DA:398,0
DA:400,0
DA:404,0
DA:411,0
DA:418,0
DA:419,0
DA:422,0
DA:423,0
DA:424,0
DA:426,0
DA:429,0
DA:430,0
DA:431,0
DA:433,0
DA:436,0
DA:437,0
DA:438,0
DA:440,0
DA:443,0
DA:444,0
DA:445,0
DA:451,0
DA:456,0
DA:457,0
DA:459,0
DA:461,0
DA:462,0
DA:464,0
DA:465,0
DA:469,0
DA:471,0
DA:473,0
DA:474,0
DA:475,0
DA:476,0
DA:482,0
DA:483,0
DA:484,0
DA:495,0
DA:496,0
DA:498,0
DA:500,0
DA:502,0
DA:506,0
DA:508,0
DA:509,0
DA:512,0
DA:516,0
DA:524,0
DA:525,0
DA:526,0
DA:527,0
DA:529,0
DA:530,0
DA:532,0
DA:534,0
DA:535,0
DA:541,0
DA:542,0
DA:550,0
DA:551,0
DA:560,0
DA:562,0
DA:563,0
DA:566,0
DA:576,0
DA:577,0
DA:578,0
DA:579,0
DA:581,0
DA:582,0
DA:584,0
DA:585,0
DA:591,0
DA:592,0
DA:599,0
DA:600,0
DA:613,1
DA:614,1
DA:615,1
DA:616,1
DA:617,1
DA:620,1
DA:622,1
DA:623,1
DA:624,1
DA:625,0
DA:626,1
DA:631,1
DA:632,1
DA:634,1
DA:635,1
DA:636,1
DA:643,1
DA:644,1
DA:654,1
DA:655,1
DA:656,1
DA:658,1
DA:660,1
DA:662,1
DA:663,1
DA:666,1
DA:668,1
DA:673,1
DA:674,1
DA:679,1
DA:680,1
DA:685,1
DA:686,1
DA:687,2
DA:689,2
DA:691,2
DA:695,1
DA:697,1
DA:698,0
DA:699,0
DA:702,2
DA:716,1
DA:717,1
DA:718,1
DA:719,1
DA:721,1
DA:722,1
DA:732,0
DA:737,0
DA:738,0
DA:739,0
DA:740,0
DA:741,0
DA:743,0
DA:747,0
DA:748,0
DA:749,0
DA:751,0
DA:755,0
DA:756,0
DA:757,0
DA:759,0
DA:767,0
DA:773,0
DA:775,0
DA:776,0
DA:777,0
DA:780,0
DA:782,0
DA:783,0
DA:785,0
DA:790,0
DA:792,0
DA:793,0
DA:794,0
DA:795,0
DA:801,0
DA:802,0
DA:814,0
DA:826,0
DA:832,0
DA:833,0
DA:834,0
DA:836,0
DA:837,0
DA:839,0
DA:840,0
DA:841,0
DA:848,0
DA:850,0
DA:851,0
DA:853,0
DA:854,0
DA:855,0
DA:862,0
DA:863,0
DA:871,0
DA:873,0
DA:874,0
DA:875,0
DA:882,0
DA:883,0
DA:894,0
DA:895,0
DA:896,0
DA:908,0
DA:914,0
DA:916,0
DA:918,0
DA:919,0
DA:923,0
DA:924,0
DA:926,0
DA:928,0
DA:930,0
DA:931,0
DA:932,0
DA:935,0
DA:936,0
DA:937,0
DA:939,0
DA:940,0
DA:941,0
DA:945,0
DA:946,0
DA:948,0
DA:949,0
DA:950,0
DA:957,0
DA:958,0
DA:967,0
DA:969,0
DA:970,0
DA:979,0
DA:980,0
DA:982,0
DA:983,0
DA:991,0
DA:992,0
DA:993,0
DA:1003,0
DA:1005,0
DA:1007,0
DA:1009,0
DA:1010,0
DA:1012,0
DA:1026,0
DA:1027,0
DA:1028,0
DA:1030,0
DA:1032,0
DA:1034,0
DA:1041,0
DA:1042,0
DA:1043,0
DA:1045,0
DA:1047,0
DA:1049,0
DA:1056,0
DA:1057,0
DA:1058,0
DA:1061,0
DA:1065,0
DA:1070,0
DA:1073,0
DA:1075,0
DA:1077,0
DA:1078,0
DA:1081,0
DA:1083,0
DA:1090,0
DA:1091,0
DA:1101,0
DA:1102,0
DA:1104,0
DA:1106,0
DA:1107,0
DA:1108,0
DA:1110,0
DA:1111,0
DA:1112,0
DA:1119,0
DA:1120,0
DA:1132,0
DA:1134,0
DA:1137,0
DA:1138,0
DA:1139,0
DA:1146,0
DA:1148,0
DA:1149,0
DA:1171,0
DA:1176,0
DA:1178,0
DA:1179,0
DA:1183,0
DA:1184,0
DA:1185,0
DA:1186,0
DA:1188,0
DA:1191,0
DA:1192,0
DA:1193,0
DA:1194,0
DA:1195,0
DA:1197,0
DA:1198,0
DA:1199,0
DA:1200,0
DA:1206,0
DA:1208,0
LF:460
LH:84
end_of_record
SF:lib\presentation\widgets\custom_card.dart
DA:15,4
DA:28,3
DA:30,5
DA:31,3
DA:32,3
DA:33,6
DA:34,9
DA:36,3
DA:37,3
DA:38,6
DA:46,3
DA:47,3
DA:48,1
DA:50,1
DA:51,1
DA:52,2
DA:53,1
DA:57,3
DA:58,3
DA:59,3
DA:60,3
LF:21
LH:21
end_of_record
SF:lib\presentation\screens\subscription\subscription_manager_screen.dart
DA:13,6
DA:15,0
DA:16,0
DA:62,0
DA:64,0
DA:65,0
DA:66,0
DA:67,0
DA:69,0
DA:70,0
DA:71,0
DA:73,0
DA:75,0
DA:77,0
DA:79,0
DA:80,0
DA:81,0
DA:83,0
DA:84,0
DA:92,0
DA:94,0
DA:95,0
DA:103,0
DA:104,0
DA:109,0
DA:110,0
DA:111,0
DA:113,0
DA:131,0
DA:140,0
DA:144,0
DA:151,0
DA:156,0
DA:157,0
DA:158,0
DA:159,0
DA:161,0
DA:164,0
DA:166,0
DA:168,0
DA:170,0
DA:172,0
DA:173,0
DA:175,0
DA:176,0
DA:184,0
DA:186,0
DA:187,0
DA:188,0
DA:190,0
DA:191,0
DA:192,0
DA:197,0
DA:198,0
DA:200,0
DA:213,0
DA:218,0
DA:219,0
DA:220,0
DA:222,0
DA:239,0
DA:241,0
DA:242,0
DA:249,0
DA:250,0
DA:251,0
DA:257,0
DA:259,0
DA:263,0
DA:265,0
DA:266,0
DA:267,0
DA:268,0
DA:280,0
DA:281,0
DA:282,0
DA:285,0
DA:286,0
DA:293,0
DA:294,0
DA:311,0
DA:314,0
DA:315,0
DA:317,0
DA:318,0
DA:319,0
DA:320,0
DA:325,0
DA:328,0
DA:329,0
DA:333,0
DA:336,0
DA:338,0
DA:340,0
DA:352,0
DA:353,0
DA:354,0
DA:355,0
DA:357,0
DA:358,0
DA:359,0
DA:360,0
DA:362,0
DA:369,0
DA:371,0
DA:372,0
DA:373,0
DA:383,0
DA:385,0
DA:386,0
DA:387,0
DA:388,0
DA:392,0
DA:393,0
DA:395,0
DA:396,0
DA:397,0
DA:398,0
LF:118
LH:1
end_of_record
SF:lib\presentation\widgets\custom_button.dart
DA:29,1
DA:40,1
DA:42,2
DA:44,1
DA:45,1
DA:46,1
DA:47,1
DA:48,1
DA:50,1
DA:51,1
DA:55,1
DA:56,1
DA:58,1
DA:59,2
DA:60,3
DA:63,2
DA:67,1
DA:68,1
DA:69,1
DA:70,1
DA:71,1
DA:72,1
DA:73,1
DA:76,1
DA:77,1
DA:79,1
DA:80,1
DA:87,1
DA:88,1
DA:89,1
DA:90,1
DA:91,1
DA:92,1
DA:95,1
DA:96,1
DA:97,1
DA:101,1
DA:102,1
DA:109,1
DA:110,0
DA:111,0
DA:112,0
DA:113,0
DA:114,0
DA:116,0
DA:117,0
DA:118,0
DA:122,0
DA:123,0
DA:130,1
DA:131,1
DA:132,1
DA:133,1
DA:134,1
DA:135,1
DA:137,1
DA:138,1
DA:139,1
DA:140,1
DA:147,1
DA:148,1
DA:149,1
DA:150,1
DA:151,1
DA:152,1
DA:155,1
DA:156,1
DA:158,1
DA:159,1
DA:166,0
DA:167,0
DA:168,0
DA:169,0
DA:170,0
DA:171,0
DA:173,0
DA:174,0
DA:175,0
DA:176,0
DA:183,0
DA:184,0
DA:185,0
DA:186,0
DA:187,0
DA:188,0
DA:190,0
DA:191,0
DA:192,0
DA:193,0
DA:202,1
DA:203,1
DA:204,1
DA:206,1
DA:208,1
DA:213,1
DA:214,1
DA:215,1
DA:217,1
DA:219,1
DA:224,1
DA:225,1
DA:226,1
DA:228,1
DA:230,0
DA:235,1
DA:236,1
DA:237,1
DA:238,0
DA:239,0
DA:241,0
DA:242,0
DA:243,0
DA:245,0
LF:113
LH:76
end_of_record
SF:lib\presentation\screens\workout\workout_exercise_detail_screen.dart
DA:16,1
DA:22,1
DA:23,1
DA:30,1
DA:32,1
DA:33,1
DA:36,1
DA:37,1
DA:38,2
DA:39,1
DA:40,2
DA:41,1
DA:42,1
DA:47,5
DA:49,0
DA:50,0
DA:51,0
DA:52,0
DA:53,0
DA:54,0
DA:59,0
DA:60,0
DA:61,0
DA:64,0
DA:65,0
DA:66,0
DA:67,0
DA:68,0
DA:70,0
DA:71,0
DA:73,0
DA:74,0
DA:76,0
DA:77,0
DA:78,0
DA:79,0
DA:85,0
DA:86,0
DA:87,0
DA:89,0
DA:90,0
DA:94,0
DA:96,0
DA:98,0
DA:99,0
DA:100,0
DA:107,0
DA:108,0
DA:109,0
DA:110,0
DA:111,0
DA:112,0
DA:113,0
DA:114,0
DA:115,0
DA:116,0
DA:118,0
DA:119,0
DA:120,0
DA:123,0
DA:124,0
DA:125,0
DA:126,0
DA:127,0
DA:129,0
DA:130,0
DA:131,0
DA:132,0
DA:152,1
DA:153,0
DA:154,1
DA:157,0
DA:158,0
DA:159,0
DA:160,0
DA:163,1
DA:165,1
DA:166,1
DA:167,2
DA:168,1
DA:169,1
DA:170,2
DA:172,2
DA:174,1
DA:175,1
DA:176,1
DA:178,0
DA:181,0
DA:188,1
DA:190,1
DA:191,1
DA:192,1
DA:193,1
DA:194,1
DA:196,1
DA:199,1
DA:200,1
DA:201,1
DA:202,1
DA:211,1
DA:212,1
DA:213,1
DA:214,0
DA:215,1
DA:220,1
DA:221,1
DA:223,1
DA:224,1
DA:225,1
DA:233,1
DA:234,3
DA:240,1
DA:241,0
DA:242,1
DA:243,1
DA:249,1
DA:250,1
DA:252,1
DA:254,1
DA:255,1
DA:257,1
DA:259,1
DA:261,1
DA:263,1
DA:264,1
DA:266,1
DA:269,1
DA:270,3
DA:274,1
DA:275,0
DA:277,2
DA:285,1
DA:287,1
DA:288,1
DA:289,2
DA:290,1
DA:292,1
DA:293,1
DA:294,1
DA:296,1
DA:297,1
DA:298,1
DA:303,1
DA:304,1
DA:305,2
DA:306,1
DA:307,1
DA:309,1
DA:315,1
DA:316,2
DA:317,2
DA:318,2
DA:322,1
DA:324,1
DA:325,1
DA:326,1
DA:328,1
DA:330,1
DA:332,1
DA:334,1
DA:335,1
DA:336,1
DA:340,1
DA:342,1
DA:343,3
DA:350,1
DA:352,1
DA:354,1
DA:355,1
DA:356,1
DA:360,2
DA:366,1
DA:367,1
DA:369,1
DA:371,1
DA:373,1
DA:375,1
DA:376,1
DA:377,1
DA:381,1
DA:382,2
DA:384,0
DA:385,0
DA:386,0
DA:387,0
DA:389,0
DA:391,0
DA:392,0
DA:395,0
DA:397,0
DA:399,0
DA:400,0
DA:401,0
DA:411,0
DA:422,1
DA:423,1
DA:425,1
DA:427,1
DA:429,1
DA:431,1
DA:432,1
DA:433,1
DA:437,1
DA:438,2
DA:440,0
DA:441,0
DA:443,0
DA:444,0
DA:445,0
DA:448,0
DA:450,0
DA:454,0
DA:469,1
DA:470,1
DA:471,1
DA:472,1
DA:473,1
DA:475,2
DA:479,1
DA:480,1
DA:481,2
DA:483,2
DA:495,1
DA:496,0
DA:497,0
DA:498,0
DA:511,1
DA:516,1
DA:518,1
DA:519,1
DA:520,1
DA:521,1
DA:525,1
DA:526,1
DA:537,0
DA:539,0
DA:541,0
DA:545,0
DA:549,0
DA:553,0
DA:558,0
DA:562,0
DA:564,0
DA:566,0
DA:568,0
DA:569,0
DA:570,0
DA:583,1
DA:585,1
DA:587,1
DA:589,1
DA:591,1
DA:592,1
DA:594,1
DA:595,1
DA:606,0
DA:611,0
DA:613,0
DA:614,0
DA:615,0
DA:616,0
DA:617,0
DA:618,0
DA:620,0
DA:621,0
DA:622,0
DA:624,0
DA:626,0
DA:627,0
DA:628,0
DA:631,0
DA:632,0
DA:638,0
DA:640,0
DA:641,0
DA:644,0
DA:646,0
DA:647,0
DA:650,0
DA:652,0
DA:653,0
DA:656,0
DA:657,0
DA:658,0
DA:659,0
DA:660,0
DA:661,0
DA:665,0
DA:666,0
DA:667,0
DA:668,0
DA:689,0
DA:695,0
DA:697,0
DA:699,0
DA:700,0
DA:703,0
DA:704,0
DA:705,0
DA:707,0
DA:710,0
DA:711,0
DA:713,0
DA:714,0
DA:715,0
DA:719,0
DA:720,0
LF:307
LH:154
end_of_record
SF:lib\presentation\screens\workout\workout_exercise_session_screen.dart
DA:14,1
DA:21,1
DA:22,1
DA:36,1
DA:38,1
DA:39,3
DA:40,1
DA:43,1
DA:45,1
DA:46,2
DA:47,2
DA:48,1
DA:51,1
DA:52,4
DA:53,4
DA:54,3
DA:55,1
DA:56,1
DA:57,5
DA:58,2
DA:61,1
DA:62,2
DA:64,0
DA:67,1
DA:69,2
DA:71,0
DA:72,0
DA:73,0
DA:78,0
DA:79,0
DA:80,0
DA:81,0
DA:82,0
DA:83,0
DA:84,0
DA:85,0
DA:86,0
DA:87,0
DA:88,0
DA:91,0
DA:92,0
DA:98,0
DA:99,0
DA:100,0
DA:101,0
DA:103,0
DA:104,0
DA:106,0
DA:110,0
DA:111,0
DA:112,0
DA:113,0
DA:114,0
DA:115,0
DA:119,0
DA:120,0
DA:121,0
DA:122,0
DA:123,0
DA:125,0
DA:126,0
DA:128,0
DA:129,0
DA:130,0
DA:133,0
DA:134,0
DA:136,0
DA:137,0
DA:141,0
DA:142,0
DA:143,0
DA:144,0
DA:145,0
DA:148,0
DA:152,5
DA:154,0
DA:155,0
DA:156,0
DA:157,0
DA:160,1
DA:162,1
DA:163,1
DA:164,1
DA:165,3
DA:166,5
DA:167,3
DA:169,4
DA:171,1
DA:172,1
DA:173,1
DA:174,1
DA:175,1
DA:180,1
DA:181,3
DA:183,1
DA:184,1
DA:185,1
DA:186,1
DA:188,2
DA:189,1
DA:191,1
DA:192,1
DA:193,1
DA:194,1
DA:195,0
DA:198,1
DA:199,1
DA:201,1
DA:202,1
DA:203,2
DA:211,1
DA:212,2
DA:213,3
DA:214,3
DA:224,1
DA:225,1
DA:226,1
DA:229,2
DA:236,1
DA:237,1
DA:239,1
DA:240,1
DA:241,1
DA:242,1
DA:243,1
DA:244,1
DA:245,1
DA:246,3
DA:247,1
DA:250,1
DA:251,1
DA:252,2
DA:253,1
DA:260,1
DA:261,1
DA:263,1
DA:265,1
DA:267,1
DA:268,1
DA:270,1
DA:273,1
DA:274,1
DA:282,1
DA:284,0
DA:286,0
DA:287,0
DA:290,0
DA:291,0
DA:299,0
DA:300,0
DA:304,0
DA:306,0
DA:307,0
DA:308,0
DA:309,0
DA:310,0
DA:313,0
DA:314,0
DA:316,0
DA:324,1
DA:325,1
DA:327,1
DA:328,0
DA:330,2
DA:333,1
DA:335,1
DA:336,1
DA:338,1
DA:339,1
DA:340,1
DA:347,1
DA:348,1
DA:349,1
DA:350,1
DA:351,1
DA:352,1
DA:357,1
DA:358,1
DA:359,3
DA:360,1
DA:366,1
DA:368,1
DA:369,1
DA:370,2
DA:376,1
DA:378,0
DA:379,0
DA:381,0
DA:382,0
DA:383,0
DA:390,0
DA:391,0
DA:392,0
DA:393,0
DA:395,0
DA:397,0
DA:398,0
DA:399,0
DA:400,0
DA:409,0
DA:411,0
DA:413,0
DA:414,0
DA:415,0
DA:416,0
DA:417,0
DA:418,0
DA:440,1
DA:445,1
DA:447,1
DA:449,1
DA:450,1
DA:451,1
DA:452,1
DA:453,1
DA:454,1
DA:455,2
DA:461,1
DA:470,1
DA:475,1
DA:477,1
DA:478,1
DA:479,1
DA:480,1
DA:484,1
DA:485,1
DA:500,1
DA:508,1
DA:509,1
DA:513,0
DA:514,0
DA:515,0
DA:518,0
DA:519,0
DA:520,0
DA:521,0
DA:522,0
DA:524,0
DA:525,0
DA:527,0
DA:530,1
DA:532,1
DA:534,1
DA:535,3
DA:537,1
DA:539,1
DA:541,1
DA:542,1
DA:544,1
DA:545,1
DA:546,1
DA:547,0
DA:551,1
DA:552,1
DA:553,2
DA:562,1
DA:563,0
DA:580,0
LF:258
LH:150
end_of_record
SF:lib\presentation\screens\workout\workout_intro_screen.dart
DA:9,1
DA:14,1
DA:16,1
DA:17,1
DA:19,1
DA:20,1
DA:21,1
DA:22,1
DA:23,1
DA:25,1
DA:31,1
DA:32,1
DA:46,1
DA:47,1
DA:49,1
DA:50,1
DA:52,1
DA:55,1
DA:57,1
DA:58,1
DA:59,1
DA:60,2
DA:73,1
DA:74,1
DA:75,1
DA:79,1
DA:80,1
DA:81,1
DA:85,1
DA:86,1
DA:88,1
DA:89,1
DA:92,1
DA:93,1
DA:97,1
DA:100,1
DA:101,1
DA:105,1
DA:108,1
DA:109,1
DA:113,1
DA:116,1
DA:117,1
DA:124,1
DA:126,1
DA:127,1
DA:128,1
DA:132,2
DA:133,1
DA:141,1
DA:142,1
DA:143,1
DA:163,1
DA:171,1
DA:173,1
DA:175,1
DA:176,2
DA:177,1
DA:178,3
DA:180,1
DA:182,1
DA:183,1
DA:184,1
DA:185,1
DA:187,1
DA:188,1
DA:189,1
DA:198,1
DA:199,1
DA:211,1
DA:214,1
DA:215,3
DA:216,1
DA:218,3
DA:221,0
DA:222,0
DA:225,0
DA:226,0
DA:227,0
DA:229,0
DA:232,0
DA:233,0
DA:235,0
DA:236,0
DA:237,0
DA:245,0
DA:246,0
LF:87
LH:74
end_of_record
SF:lib\presentation\widgets\quota_indicator.dart
DA:11,3
DA:17,1
DA:22,1
DA:23,0
DA:28,0
DA:30,2
DA:31,0
DA:32,0
DA:33,2
DA:35,2
DA:36,2
DA:39,2
DA:40,0
DA:42,0
DA:43,0
DA:44,0
DA:45,0
DA:47,0
DA:49,0
DA:52,0
DA:66,1
DA:67,1
DA:68,1
DA:72,1
DA:74,1
DA:76,1
DA:78,1
DA:79,2
DA:80,1
DA:81,3
DA:83,1
DA:85,1
DA:86,1
DA:92,1
DA:93,1
DA:94,1
DA:106,1
DA:108,1
DA:109,2
DA:110,1
DA:111,3
DA:113,1
DA:115,1
DA:116,1
DA:117,1
DA:118,1
DA:124,1
DA:137,1
DA:138,1
DA:139,1
DA:140,1
DA:141,1
DA:148,1
DA:149,1
DA:158,1
DA:159,1
DA:160,1
DA:163,1
DA:167,1
DA:169,0
DA:170,0
DA:171,0
DA:177,0
DA:178,0
DA:179,0
DA:180,0
DA:189,1
DA:191,0
DA:193,0
DA:194,0
DA:195,0
DA:197,0
DA:198,0
DA:205,0
DA:206,0
DA:230,1
DA:235,0
DA:237,0
DA:238,0
DA:239,0
DA:241,0
DA:243,0
DA:244,0
DA:248,0
DA:251,0
DA:252,0
DA:253,0
DA:254,0
DA:256,0
DA:257,0
DA:264,0
DA:265,0
DA:267,0
DA:268,0
DA:277,0
DA:289,0
DA:290,0
DA:293,0
LF:98
LH:49
end_of_record
SF:lib\presentation\widgets\rating_modal.dart
DA:10,1
DA:16,1
DA:17,1
DA:25,1
DA:27,2
DA:30,1
DA:35,1
DA:37,2
DA:38,1
DA:41,1
DA:43,1
DA:44,2
DA:46,1
DA:47,1
DA:48,3
DA:54,1
DA:56,1
DA:59,1
DA:61,1
DA:62,1
DA:65,1
DA:67,1
DA:75,1
DA:76,1
DA:79,1
DA:80,2
DA:94,1
DA:95,1
DA:96,1
DA:108,1
DA:109,1
DA:110,1
DA:122,1
DA:123,1
DA:125,2
DA:126,1
DA:127,1
DA:128,2
DA:129,2
DA:130,2
DA:131,2
DA:133,4
DA:135,2
DA:136,1
DA:137,3
DA:141,1
DA:143,1
DA:144,3
DA:148,3
DA:158,3
DA:160,1
DA:161,1
DA:162,2
DA:163,1
DA:165,2
DA:172,1
DA:175,1
DA:182,1
DA:184,1
DA:185,1
DA:187,1
DA:191,1
DA:192,1
DA:197,1
DA:200,1
DA:203,1
DA:204,3
DA:205,1
DA:208,1
DA:209,1
DA:213,1
DA:223,1
DA:226,1
DA:227,1
DA:228,0
DA:229,1
DA:244,1
DA:245,2
DA:246,1
DA:248,1
DA:250,1
DA:257,1
DA:263,1
DA:264,1
DA:271,1
DA:274,1
DA:275,1
DA:276,1
DA:280,1
DA:281,3
DA:282,5
DA:283,2
DA:288,0
DA:293,0
DA:297,0
LF:95
LH:91
end_of_record
SF:lib\main.dart
DA:27,0
DA:28,0
DA:31,0
DA:34,0
DA:40,0
DA:47,0
DA:51,2
DA:53,1
DA:55,1
DA:56,1
DA:58,1
DA:59,0
DA:61,1
DA:62,0
DA:64,1
DA:65,0
DA:67,1
DA:68,0
DA:70,1
DA:71,0
DA:73,1
DA:74,0
DA:76,1
DA:77,0
DA:81,1
DA:82,2
DA:84,1
DA:85,2
DA:87,1
DA:88,0
DA:89,0
DA:91,0
DA:92,0
DA:94,1
DA:95,0
DA:96,0
DA:98,0
DA:99,0
DA:101,1
DA:102,0
DA:103,0
DA:105,0
DA:106,0
DA:108,1
DA:109,0
DA:110,0
DA:112,0
DA:113,0
DA:115,1
DA:116,0
DA:117,0
DA:119,0
DA:120,0
DA:122,1
DA:123,0
DA:124,0
DA:126,0
DA:127,0
DA:129,1
DA:130,0
DA:131,0
DA:133,0
DA:134,0
DA:136,1
DA:137,0
DA:138,0
DA:140,0
DA:141,0
DA:144,1
DA:145,1
DA:146,1
DA:151,1
DA:163,1
DA:164,1
DA:165,1
LF:75
LH:30
end_of_record
SF:lib\app.dart
DA:21,1
DA:23,1
DA:24,1
DA:31,1
DA:33,1
DA:36,0
DA:37,0
DA:38,0
DA:40,0
DA:41,0
DA:44,0
DA:45,0
DA:46,0
DA:47,0
DA:48,0
DA:49,0
DA:50,0
DA:52,0
DA:57,0
DA:58,0
DA:59,0
DA:63,1
DA:65,1
DA:66,2
DA:69,0
DA:70,0
DA:72,0
DA:73,0
DA:74,0
DA:75,0
DA:76,0
DA:79,0
DA:84,0
DA:85,0
DA:86,0
DA:87,0
DA:88,0
DA:91,0
DA:92,0
DA:93,0
DA:96,0
DA:97,0
DA:98,0
DA:101,0
DA:102,0
DA:103,0
DA:104,0
DA:107,0
DA:108,0
DA:109,0
DA:112,0
DA:115,0
DA:118,0
DA:121,0
DA:124,0
DA:131,0
DA:134,0
DA:141,0
LF:58
LH:8
end_of_record
SF:lib\presentation\screens\intake\first_intake_screen.dart
DA:12,0
DA:18,0
DA:19,0
DA:29,0
DA:30,0
DA:31,0
DA:35,0
DA:36,0
DA:38,0
DA:39,0
DA:40,0
DA:41,0
DA:44,0
DA:45,0
DA:46,0
DA:48,0
DA:49,0
DA:50,0
DA:54,0
DA:55,0
DA:56,0
DA:57,0
DA:63,0
DA:65,0
DA:66,0
DA:67,0
DA:69,0
DA:70,0
DA:71,0
DA:72,0
DA:73,0
DA:76,0
DA:80,0
DA:81,0
DA:82,0
DA:84,0
DA:86,0
DA:88,0
DA:89,0
DA:90,0
DA:91,0
DA:92,0
DA:93,0
DA:99,0
DA:101,0
DA:102,0
DA:103,0
DA:104,0
DA:105,0
DA:106,0
DA:109,0
DA:110,0
DA:119,0
DA:120,0
DA:126,0
DA:127,0
DA:131,0
DA:132,0
DA:137,0
DA:139,0
DA:140,0
DA:141,0
DA:142,0
DA:143,0
DA:144,0
DA:145,0
DA:146,0
DA:150,0
DA:151,0
DA:152,0
DA:154,0
DA:155,0
DA:156,0
DA:159,0
DA:160,0
DA:162,0
DA:165,0
DA:174,0
DA:176,0
DA:177,0
DA:178,0
DA:179,0
DA:180,0
DA:183,0
DA:205,0
DA:206,0
DA:207,0
DA:208,0
DA:209,0
DA:210,0
DA:211,0
DA:212,0
DA:218,0
DA:219,0
DA:220,0
DA:221,0
DA:222,0
DA:223,0
DA:224,0
DA:225,0
DA:231,0
DA:232,0
DA:234,0
DA:235,0
DA:236,0
DA:237,0
DA:238,0
DA:239,0
DA:240,0
DA:243,0
DA:244,0
DA:245,0
DA:246,0
DA:249,0
DA:250,0
DA:251,0
DA:252,0
DA:258,0
DA:259,0
DA:261,0
DA:262,0
DA:263,0
DA:264,0
DA:265,0
DA:266,0
DA:267,0
DA:268,0
DA:271,0
DA:272,0
DA:273,0
DA:274,0
DA:275,0
DA:278,0
DA:279,0
DA:280,0
DA:281,0
DA:282,0
DA:288,0
DA:289,0
DA:291,0
DA:292,0
DA:293,0
DA:294,0
DA:295,0
DA:296,0
DA:297,0
DA:298,0
DA:301,0
DA:302,0
DA:303,0
DA:304,0
DA:305,0
DA:311,0
DA:317,0
DA:319,0
DA:320,0
DA:322,0
DA:323,0
DA:324,0
DA:325,0
DA:330,0
DA:331,0
DA:332,0
DA:335,0
DA:338,0
DA:339,0
DA:341,0
DA:342,0
DA:346,0
DA:348,0
DA:372,0
DA:379,0
DA:381,0
DA:383,0
DA:384,0
DA:385,0
DA:386,0
DA:388,0
DA:389,0
DA:394,0
DA:395,0
DA:402,0
LF:182
LH:0
end_of_record
SF:lib\presentation\screens\intake\second_intake_screen.dart
DA:13,0
DA:19,0
DA:20,0
DA:35,0
DA:37,0
DA:38,0
DA:39,0
DA:40,0
DA:43,0
DA:44,0
DA:45,0
DA:46,0
DA:47,0
DA:48,0
DA:49,0
DA:53,0
DA:54,0
DA:56,0
DA:57,0
DA:58,0
DA:59,0
DA:60,0
DA:61,0
DA:62,0
DA:65,0
DA:66,0
DA:67,0
DA:69,0
DA:70,0
DA:71,0
DA:73,0
DA:74,0
DA:78,0
DA:79,0
DA:80,0
DA:81,0
DA:87,0
DA:88,0
DA:89,0
DA:91,0
DA:96,0
DA:97,0
DA:98,0
DA:99,0
DA:100,0
DA:101,0
DA:102,0
DA:103,0
DA:104,0
DA:105,0
DA:111,0
DA:113,0
DA:114,0
DA:115,0
DA:117,0
DA:118,0
DA:119,0
DA:120,0
DA:121,0
DA:124,0
DA:128,0
DA:129,0
DA:130,0
DA:132,0
DA:134,0
DA:136,0
DA:137,0
DA:138,0
DA:139,0
DA:140,0
DA:141,0
DA:147,0
DA:149,0
DA:150,0
DA:151,0
DA:152,0
DA:153,0
DA:154,0
DA:157,0
DA:158,0
DA:167,0
DA:168,0
DA:174,0
DA:175,0
DA:179,0
DA:180,0
DA:185,0
DA:187,0
DA:188,0
DA:189,0
DA:190,0
DA:191,0
DA:192,0
DA:193,0
DA:195,0
DA:196,0
DA:198,0
DA:202,0
DA:206,0
DA:207,0
DA:208,0
DA:211,0
DA:213,0
DA:214,0
DA:215,0
DA:218,0
DA:219,0
DA:221,0
DA:224,0
DA:233,0
DA:235,0
DA:236,0
DA:237,0
DA:238,0
DA:239,0
DA:242,0
DA:264,0
DA:265,0
DA:266,0
DA:267,0
DA:269,0
DA:270,0
DA:271,0
DA:272,0
DA:273,0
DA:275,0
DA:276,0
DA:277,0
DA:279,0
DA:280,0
DA:282,0
DA:288,0
DA:289,0
DA:291,0
DA:292,0
DA:293,0
DA:294,0
DA:295,0
DA:297,0
DA:298,0
DA:300,0
DA:301,0
DA:303,0
DA:308,0
DA:309,0
DA:311,0
DA:312,0
DA:313,0
DA:315,0
DA:316,0
DA:318,0
DA:324,0
DA:325,0
DA:327,0
DA:328,0
DA:329,0
DA:330,0
DA:331,0
DA:332,0
DA:333,0
DA:334,0
DA:337,0
DA:338,0
DA:339,0
DA:340,0
DA:341,0
DA:344,0
DA:345,0
DA:346,0
DA:347,0
DA:348,0
DA:352,0
DA:353,0
DA:355,0
DA:356,0
DA:357,0
DA:358,0
DA:359,0
DA:360,0
DA:361,0
DA:363,0
DA:364,0
DA:365,0
DA:367,0
DA:370,0
DA:371,0
DA:375,0
DA:376,0
DA:378,0
DA:379,0
DA:380,0
DA:381,0
DA:382,0
DA:383,0
DA:384,0
DA:385,0
DA:386,0
DA:388,0
DA:390,0
DA:391,0
DA:392,0
DA:393,0
DA:395,0
DA:396,0
DA:399,0
DA:400,0
DA:401,0
DA:416,0
DA:417,0
DA:418,0
DA:422,0
DA:423,0
DA:424,0
DA:425,0
DA:426,0
DA:428,0
DA:435,0
DA:441,0
DA:443,0
DA:444,0
DA:446,0
DA:447,0
DA:448,0
DA:449,0
DA:454,0
DA:455,0
DA:456,0
DA:459,0
DA:462,0
DA:463,0
DA:465,0
DA:466,0
DA:470,0
DA:472,0
DA:496,0
DA:503,0
DA:505,0
DA:507,0
DA:508,0
DA:509,0
DA:510,0
DA:512,0
DA:513,0
DA:518,0
DA:519,0
DA:526,0
DA:535,0
DA:537,0
DA:538,0
DA:542,0
DA:544,0
DA:545,0
DA:546,0
DA:547,0
DA:552,0
DA:554,0
DA:556,0
DA:564,0
DA:565,0
DA:568,0
DA:570,0
DA:571,0
DA:572,0
DA:573,0
DA:579,0
DA:581,0
DA:582,0
DA:592,0
DA:593,0
DA:597,0
DA:598,0
LF:271
LH:0
end_of_record
SF:lib\presentation\screens\home\home_dashboard_screen.dart
DA:28,1
DA:30,0
DA:31,0
DA:38,0
DA:40,0
DA:41,0
DA:44,0
DA:45,0
DA:46,0
DA:47,0
DA:48,0
DA:50,0
DA:51,0
DA:52,0
DA:53,0
DA:54,0
DA:56,0
DA:57,0
DA:58,0
DA:60,0
DA:63,0
DA:65,0
DA:66,0
DA:68,0
DA:69,0
DA:70,0
DA:71,0
DA:72,0
DA:73,0
DA:74,0
DA:75,0
DA:76,0
DA:77,0
DA:80,0
DA:81,0
DA:82,0
DA:83,0
DA:84,0
DA:90,0
DA:91,0
DA:93,0
DA:95,0
DA:97,0
DA:99,0
DA:101,0
DA:103,0
DA:105,0
DA:107,0
DA:109,0
DA:111,0
DA:113,0
DA:120,0
DA:121,0
DA:122,0
DA:123,0
DA:124,0
DA:125,0
DA:126,0
DA:129,0
DA:137,0
DA:147,0
DA:154,0
DA:155,0
DA:156,0
DA:157,0
DA:159,0
DA:162,0
DA:166,0
DA:167,0
DA:168,0
DA:169,0
DA:171,0
DA:173,0
DA:174,0
DA:183,0
DA:185,0
DA:187,0
DA:188,0
DA:189,0
DA:190,0
DA:191,0
DA:192,0
DA:193,0
DA:194,0
DA:195,0
DA:196,0
DA:197,0
DA:198,0
DA:211,0
DA:220,0
DA:230,0
DA:232,0
DA:233,0
DA:234,0
DA:235,0
DA:236,0
DA:238,0
DA:239,0
DA:240,0
DA:241,0
DA:245,0
DA:246,0
DA:247,0
DA:252,0
DA:254,0
DA:255,0
DA:256,0
DA:258,0
DA:260,0
DA:264,0
DA:266,0
DA:271,0
DA:273,0
DA:274,0
DA:275,0
DA:277,0
DA:279,0
DA:280,0
DA:281,0
DA:282,0
DA:283,0
DA:285,0
DA:286,0
DA:287,0
DA:288,0
DA:291,0
DA:292,0
DA:293,0
DA:294,0
DA:295,0
DA:300,0
DA:301,0
DA:302,0
DA:303,0
DA:304,0
DA:306,0
DA:308,0
DA:315,0
DA:316,0
DA:317,0
DA:318,0
DA:320,0
DA:328,0
DA:329,0
DA:330,0
DA:331,0
DA:333,0
DA:334,0
DA:338,0
DA:339,0
DA:341,0
DA:342,0
DA:346,0
DA:347,0
DA:349,0
DA:350,0
DA:356,0
DA:358,0
DA:359,0
DA:360,0
DA:362,0
DA:363,0
DA:364,0
DA:366,0
DA:367,0
DA:368,0
DA:369,0
DA:371,0
DA:372,0
DA:373,0
DA:378,0
DA:379,0
DA:380,0
DA:381,0
DA:383,0
DA:388,0
DA:390,0
DA:391,0
DA:392,0
DA:393,0
DA:395,0
DA:396,0
DA:397,0
DA:409,0
DA:414,0
DA:416,0
DA:417,0
DA:418,0
DA:420,0
DA:421,0
DA:422,0
DA:424,0
DA:426,0
DA:429,0
DA:430,0
DA:431,0
DA:439,0
DA:444,0
DA:446,0
DA:448,0
DA:449,0
DA:451,0
DA:452,0
DA:453,0
DA:454,0
DA:456,0
DA:458,0
DA:459,0
DA:460,0
DA:462,0
DA:463,0
DA:464,0
DA:466,0
DA:467,0
DA:468,0
DA:476,0
DA:477,0
DA:478,0
DA:481,0
DA:482,0
DA:483,0
DA:484,0
DA:485,0
DA:488,0
DA:490,0
DA:493,0
DA:494,0
DA:495,0
DA:500,0
DA:503,0
DA:512,0
DA:514,0
DA:515,0
DA:516,0
DA:517,0
DA:519,0
DA:522,0
DA:523,0
DA:537,0
DA:538,0
DA:539,0
DA:540,0
DA:541,0
DA:542,0
DA:548,0
DA:549,0
DA:550,0
DA:555,0
DA:558,0
DA:559,0
DA:560,0
DA:567,0
DA:568,0
DA:569,0
DA:577,0
DA:584,0
DA:588,0
DA:589,0
DA:590,0
DA:591,0
DA:592,0
DA:593,0
DA:596,0
DA:599,0
DA:600,0
DA:602,0
DA:603,0
DA:604,0
DA:605,0
DA:606,0
DA:607,0
DA:610,0
DA:612,0
DA:613,0
DA:614,0
DA:615,0
DA:618,0
DA:619,0
DA:620,0
DA:622,0
DA:624,0
DA:625,0
DA:626,0
DA:627,0
DA:633,0
DA:638,0
DA:639,0
DA:642,0
DA:645,0
DA:647,0
DA:649,0
DA:650,0
DA:658,0
DA:659,0
DA:668,0
DA:669,0
DA:678,0
DA:680,0
DA:682,0
DA:684,0
DA:686,0
DA:687,0
DA:688,0
DA:701,0
DA:702,0
DA:703,0
DA:705,0
DA:706,0
DA:707,0
DA:708,0
DA:709,0
DA:711,0
DA:712,0
DA:713,0
DA:715,0
DA:716,0
DA:717,0
DA:718,0
DA:721,0
DA:722,0
DA:729,0
DA:730,0
DA:732,0
DA:733,0
DA:734,0
DA:735,0
DA:739,0
DA:740,0
DA:746,0
DA:747,0
DA:751,0
DA:752,0
DA:758,0
DA:759,0
DA:763,0
DA:764,0
DA:768,0
DA:769,0
DA:773,0
DA:774,0
DA:778,0
DA:779,0
DA:783,0
DA:784,0
DA:785,0
DA:794,0
DA:795,0
DA:799,0
DA:809,0
DA:820,0
DA:822,0
DA:823,0
DA:825,0
DA:827,0
DA:831,0
DA:836,0
DA:837,0
DA:839,0
DA:841,0
DA:842,0
DA:843,0
DA:844,0
DA:846,0
DA:847,0
DA:848,0
DA:853,0
DA:854,0
DA:855,0
DA:860,0
DA:861,0
DA:862,0
DA:863,0
DA:867,0
DA:868,0
DA:869,0
DA:877,0
DA:883,0
DA:884,0
DA:885,0
DA:888,0
DA:891,0
DA:892,0
DA:894,0
DA:895,0
DA:896,0
DA:901,0
DA:903,0
DA:904,0
DA:907,0
DA:913,0
DA:914,0
DA:916,0
DA:922,0
DA:923,0
DA:925,0
DA:926,0
DA:929,0
DA:930,0
DA:931,0
DA:935,0
DA:936,0
DA:937,0
DA:941,0
DA:944,0
DA:945,0
DA:946,0
DA:949,0
DA:950,0
DA:961,0
DA:962,0
DA:963,0
DA:965,0
DA:966,0
DA:967,0
DA:968,0
DA:969,0
DA:974,0
DA:976,0
DA:982,0
DA:984,0
DA:986,0
DA:987,0
DA:988,0
DA:989,0
DA:990,0
DA:992,0
DA:993,0
DA:994,0
DA:995,0
DA:998,0
DA:999,0
DA:1000,0
DA:1005,0
DA:1007,0
DA:1008,0
DA:1009,0
DA:1011,0
DA:1013,0
DA:1017,0
DA:1019,0
DA:1024,0
DA:1026,0
DA:1027,0
DA:1028,0
DA:1030,0
DA:1032,0
DA:1033,0
DA:1034,0
DA:1035,0
DA:1036,0
DA:1038,0
DA:1039,0
DA:1040,0
DA:1041,0
DA:1044,0
DA:1045,0
DA:1046,0
DA:1047,0
DA:1048,0
DA:1053,0
DA:1054,0
DA:1055,0
DA:1056,0
DA:1057,0
DA:1059,0
DA:1061,0
DA:1068,0
DA:1069,0
DA:1070,0
DA:1071,0
DA:1073,0
DA:1081,0
DA:1082,0
DA:1083,0
DA:1084,0
DA:1086,0
DA:1087,0
DA:1091,0
DA:1092,0
DA:1094,0
DA:1095,0
DA:1099,0
DA:1100,0
DA:1102,0
DA:1103,0
DA:1113,0
DA:1118,0
DA:1120,0
DA:1121,0
DA:1122,0
DA:1124,0
DA:1125,0
DA:1126,0
DA:1128,0
DA:1130,0
DA:1133,0
DA:1135,0
DA:1143,0
DA:1144,0
DA:1145,0
DA:1146,0
DA:1148,0
DA:1149,0
DA:1150,0
DA:1151,0
DA:1156,0
DA:1157,0
DA:1158,0
DA:1163,0
DA:1165,0
DA:1166,0
DA:1167,0
DA:1172,0
DA:1173,0
DA:1174,0
DA:1181,0
DA:1183,0
DA:1184,0
DA:1185,0
DA:1186,0
DA:1189,0
DA:1196,0
DA:1202,0
DA:1203,0
DA:1204,0
DA:1205,0
DA:1206,0
DA:1208,0
DA:1210,0
DA:1211,0
DA:1212,0
DA:1213,0
DA:1214,0
DA:1220,0
DA:1221,0
DA:1222,0
DA:1224,0
DA:1225,0
DA:1228,0
DA:1229,0
DA:1230,0
DA:1232,0
DA:1235,0
DA:1236,0
DA:1237,0
DA:1240,0
DA:1241,0
DA:1242,0
DA:1248,0
DA:1249,0
DA:1252,0
DA:1254,0
DA:1255,0
DA:1256,0
DA:1258,0
DA:1259,0
DA:1260,0
DA:1271,0
DA:1272,0
DA:1273,0
DA:1275,0
DA:1277,0
DA:1279,0
DA:1286,0
DA:1288,0
DA:1290,0
DA:1297,0
DA:1299,0
DA:1300,0
DA:1301,0
DA:1305,0
DA:1307,0
DA:1308,0
DA:1309,0
DA:1311,0
DA:1312,0
DA:1314,0
DA:1315,0
DA:1324,0
DA:1325,0
DA:1326,0
DA:1328,0
DA:1334,0
DA:1335,0
DA:1336,0
DA:1339,0
DA:1343,0
DA:1350,0
DA:1351,0
DA:1352,0
DA:1353,0
DA:1354,0
DA:1355,0
DA:1362,0
DA:1363,0
DA:1364,0
DA:1371,0
DA:1372,0
DA:1373,0
DA:1383,0
DA:1384,0
DA:1386,0
DA:1387,0
DA:1388,0
DA:1417,0
DA:1418,0
DA:1420,0
DA:1422,0
DA:1423,0
DA:1424,0
DA:1432,0
DA:1433,0
DA:1434,0
DA:1436,0
DA:1437,0
DA:1439,0
DA:1440,0
DA:1441,0
DA:1442,0
DA:1445,0
DA:1446,0
DA:1447,0
DA:1455,0
DA:1456,0
DA:1458,0
DA:1459,0
DA:1460,0
DA:1467,0
DA:1468,0
DA:1482,0
DA:1483,0
DA:1484,0
DA:1485,0
DA:1491,0
DA:1492,0
DA:1505,0
DA:1506,0
DA:1508,0
DA:1510,0
DA:1511,0
DA:1512,0
DA:1520,0
DA:1521,0
DA:1522,0
DA:1524,0
DA:1525,0
DA:1527,0
DA:1528,0
DA:1529,0
DA:1530,0
DA:1533,0
DA:1534,0
DA:1535,0
DA:1543,0
DA:1544,0
DA:1546,0
DA:1547,0
DA:1548,0
DA:1555,0
DA:1556,0
DA:1570,0
DA:1571,0
DA:1572,0
DA:1573,0
DA:1579,0
DA:1580,0
DA:1593,0
DA:1594,0
DA:1596,0
DA:1597,0
DA:1598,0
DA:1606,0
DA:1607,0
DA:1608,0
DA:1611,0
DA:1612,0
DA:1616,0
DA:1617,0
DA:1618,0
DA:1621,0
DA:1626,0
DA:1627,0
DA:1628,0
DA:1631,0
DA:1632,0
DA:1639,0
DA:1640,0
DA:1641,0
DA:1643,0
DA:1645,0
DA:1655,0
DA:1656,0
DA:1658,0
DA:1667,0
DA:1669,0
DA:1670,0
DA:1672,0
DA:1673,0
DA:1675,0
DA:1677,0
DA:1678,0
DA:1680,0
DA:1682,0
DA:1683,0
DA:1688,0
DA:1689,0
DA:1690,0
DA:1691,0
DA:1692,0
DA:1693,0
DA:1694,0
DA:1695,0
DA:1703,0
DA:1704,0
DA:1705,0
DA:1706,0
DA:1707,0
DA:1708,0
DA:1724,0
DA:1725,0
DA:1728,0
DA:1732,0
DA:1736,0
DA:1740,0
DA:1756,0
LF:725
LH:1
end_of_record
SF:lib\presentation\screens\workout\workout_screen.dart
DA:20,1
DA:25,0
DA:26,0
DA:35,0
DA:37,0
DA:38,0
DA:39,0
DA:40,0
DA:41,0
DA:43,0
DA:44,0
DA:45,0
DA:50,0
DA:51,0
DA:52,0
DA:53,0
DA:54,0
DA:55,0
DA:56,0
DA:59,0
DA:60,0
DA:61,0
DA:66,0
DA:67,0
DA:68,0
DA:69,0
DA:70,0
DA:71,0
DA:74,0
DA:77,0
DA:79,0
DA:80,0
DA:81,0
DA:82,0
DA:83,0
DA:84,0
DA:88,0
DA:91,0
DA:92,0
DA:93,0
DA:94,0
DA:95,0
DA:96,0
DA:97,0
DA:98,0
DA:101,0
DA:102,0
DA:103,0
DA:104,0
DA:105,0
DA:106,0
DA:107,0
DA:109,0
DA:110,0
DA:112,0
DA:114,0
DA:115,0
DA:119,0
DA:121,0
DA:122,0
DA:124,0
DA:128,0
DA:129,0
DA:130,0
DA:131,0
DA:133,0
DA:134,0
DA:135,0
DA:136,0
DA:139,0
DA:141,0
DA:142,0
DA:143,0
DA:144,0
DA:147,0
DA:154,0
DA:161,0
DA:164,0
DA:165,0
DA:166,0
DA:167,0
DA:169,0
DA:171,0
DA:172,0
DA:174,0
DA:175,0
DA:177,0
DA:178,0
DA:180,0
DA:186,0
DA:193,0
DA:195,0
DA:197,0
DA:198,0
DA:199,0
DA:201,0
DA:219,0
DA:220,0
DA:221,0
DA:222,0
DA:223,0
DA:224,0
DA:225,0
DA:226,0
DA:234,0
DA:235,0
DA:236,0
DA:237,0
DA:242,0
DA:244,0
DA:245,0
DA:246,0
DA:247,0
DA:248,0
DA:250,0
DA:251,0
DA:252,0
DA:256,0
DA:264,0
DA:265,0
DA:266,0
DA:267,0
DA:269,0
DA:270,0
DA:272,0
DA:273,0
DA:279,0
DA:280,0
DA:287,0
DA:288,0
DA:301,0
DA:302,0
DA:303,0
DA:304,0
DA:307,0
DA:308,0
DA:309,0
DA:311,0
DA:313,0
DA:314,0
DA:315,0
DA:316,0
DA:317,0
DA:319,0
DA:325,0
DA:326,0
DA:328,0
DA:330,0
DA:331,0
DA:340,0
DA:341,0
DA:342,0
DA:343,0
DA:349,0
DA:351,0
DA:358,0
DA:359,0
DA:361,0
DA:362,0
DA:375,0
DA:383,0
DA:384,0
DA:386,0
DA:389,0
DA:391,0
DA:393,0
DA:395,0
DA:396,0
DA:397,0
DA:398,0
DA:401,0
DA:402,0
DA:403,0
DA:404,0
DA:406,0
DA:407,0
DA:408,0
DA:409,0
DA:412,0
DA:413,0
DA:414,0
DA:415,0
DA:416,0
DA:421,0
DA:423,0
DA:424,0
DA:425,0
DA:427,0
DA:428,0
DA:431,0
DA:432,0
DA:433,0
DA:441,0
DA:442,0
DA:443,0
DA:446,0
DA:451,0
DA:452,0
DA:453,0
DA:454,0
DA:456,0
DA:463,0
DA:470,0
DA:471,0
DA:473,0
DA:474,0
DA:476,0
DA:477,0
DA:479,0
DA:480,0
DA:483,0
DA:485,0
DA:487,0
DA:490,0
DA:491,0
DA:493,0
DA:494,0
DA:495,0
DA:496,0
DA:497,0
DA:499,0
DA:500,0
DA:501,0
DA:508,0
DA:509,0
DA:522,0
DA:523,0
DA:524,0
DA:525,0
DA:526,0
DA:530,0
DA:531,0
DA:537,0
DA:538,0
DA:539,0
DA:547,0
DA:548,0
DA:552,0
DA:553,0
DA:554,0
DA:555,0
DA:556,0
DA:558,0
DA:562,0
DA:563,0
DA:564,0
DA:566,0
DA:576,0
DA:582,0
DA:583,0
DA:584,0
DA:585,0
DA:586,0
DA:588,0
DA:590,0
DA:592,0
DA:593,0
DA:594,0
DA:595,0
DA:596,0
DA:597,0
DA:598,0
DA:601,0
DA:603,0
DA:604,0
DA:605,0
DA:607,0
DA:615,0
DA:617,0
DA:618,0
DA:620,0
DA:621,0
DA:623,0
DA:626,0
DA:628,0
DA:630,0
DA:631,0
DA:640,0
DA:645,0
DA:646,0
DA:647,0
DA:649,0
DA:654,0
DA:662,0
DA:666,0
DA:667,0
DA:668,0
DA:669,0
DA:670,0
DA:671,0
DA:672,0
DA:676,0
DA:677,0
DA:678,0
DA:679,0
DA:681,0
DA:682,0
DA:690,0
DA:694,0
DA:695,0
DA:698,0
DA:699,0
DA:702,0
DA:708,0
DA:711,0
DA:712,0
DA:713,0
DA:714,0
DA:726,0
DA:734,0
DA:735,0
DA:736,0
DA:737,0
DA:739,0
DA:743,0
DA:746,0
DA:747,0
DA:748,0
DA:749,0
DA:751,0
DA:753,0
DA:754,0
DA:755,0
DA:757,0
DA:758,0
DA:759,0
DA:760,0
DA:761,0
DA:762,0
DA:770,0
DA:774,0
DA:775,0
DA:776,0
DA:782,0
DA:784,0
DA:786,0
DA:787,0
DA:788,0
DA:790,0
DA:791,0
DA:804,0
DA:805,0
DA:806,0
DA:809,0
DA:811,0
DA:813,0
DA:814,0
DA:815,0
DA:817,0
DA:818,0
DA:831,0
DA:832,0
DA:833,0
DA:834,0
DA:835,0
DA:837,0
DA:838,0
DA:839,0
DA:840,0
DA:847,0
DA:848,0
DA:849,0
DA:850,0
DA:851,0
DA:853,0
DA:859,0
DA:865,0
DA:866,0
DA:868,0
DA:869,0
DA:870,0
DA:871,0
DA:872,0
DA:873,0
DA:874,0
DA:875,0
DA:879,0
DA:880,0
DA:881,0
DA:885,0
DA:887,0
DA:889,0
DA:891,0
DA:892,0
DA:893,0
DA:894,0
DA:895,0
DA:896,0
DA:898,0
DA:899,0
DA:900,0
DA:901,0
DA:902,0
DA:905,0
DA:906,0
DA:907,0
DA:908,0
DA:909,0
DA:922,0
DA:923,0
DA:924,0
DA:925,0
LF:402
LH:1
end_of_record
SF:lib\presentation\screens\messaging\coach_messaging_screen.dart
DA:17,3
DA:19,0
DA:20,0
DA:29,0
DA:31,0
DA:32,0
DA:33,0
DA:34,0
DA:35,0
DA:36,0
DA:40,0
DA:42,0
DA:43,0
DA:44,0
DA:47,0
DA:48,0
DA:49,0
DA:50,0
DA:51,0
DA:52,0
DA:53,0
DA:58,0
DA:59,0
DA:60,0
DA:61,0
DA:62,0
DA:63,0
DA:68,0
DA:70,0
DA:71,0
DA:72,0
DA:73,0
DA:74,0
DA:75,0
DA:76,0
DA:78,0
DA:84,0
DA:85,0
DA:88,0
DA:90,0
DA:91,0
DA:92,0
DA:93,0
DA:94,0
DA:95,0
DA:97,0
DA:103,0
DA:104,0
DA:105,0
DA:106,0
DA:115,0
DA:117,0
DA:118,0
DA:119,0
DA:120,0
DA:121,0
DA:122,0
DA:127,0
DA:128,0
DA:130,0
DA:131,0
DA:132,0
DA:139,0
DA:140,0
DA:149,0
DA:151,0
DA:152,0
DA:157,0
DA:162,0
DA:164,0
DA:165,0
DA:168,0
DA:170,0
DA:171,0
DA:172,0
DA:173,0
DA:175,0
DA:185,0
DA:186,0
DA:187,0
DA:188,0
DA:189,0
DA:191,0
DA:196,0
DA:197,0
DA:198,0
DA:206,0
DA:207,0
DA:208,0
DA:209,0
DA:215,0
DA:228,0
DA:234,0
DA:235,0
DA:236,0
DA:237,0
DA:239,0
DA:240,0
DA:241,0
DA:244,0
DA:247,0
DA:251,0
DA:258,0
DA:259,0
DA:260,0
DA:261,0
DA:262,0
DA:263,0
DA:265,0
DA:267,0
DA:268,0
DA:271,0
DA:274,0
DA:275,0
DA:279,0
DA:280,0
DA:285,0
DA:287,0
DA:288,0
DA:290,0
DA:301,0
DA:302,0
DA:303,0
DA:307,0
DA:308,0
DA:309,0
DA:310,0
DA:311,0
DA:312,0
DA:313,0
DA:316,0
DA:318,0
DA:319,0
DA:320,0
DA:321,0
DA:323,0
DA:325,0
DA:326,0
DA:327,0
DA:328,0
DA:330,0
DA:331,0
DA:337,0
DA:338,0
DA:340,0
DA:341,0
DA:350,0
DA:351,0
DA:359,0
DA:360,0
DA:371,0
DA:375,0
DA:376,0
DA:378,0
DA:379,0
DA:380,0
DA:382,0
DA:388,0
DA:391,0
DA:393,0
DA:394,0
DA:396,0
DA:397,0
DA:400,0
DA:410,0
DA:411,0
DA:412,0
DA:414,0
DA:415,0
DA:421,0
DA:422,0
DA:429,0
DA:430,0
DA:442,0
DA:447,0
DA:448,0
DA:451,0
DA:452,0
DA:453,0
DA:454,0
DA:459,0
DA:464,0
DA:465,0
DA:467,0
DA:469,0
DA:470,0
DA:471,0
DA:474,0
DA:478,0
DA:480,0
DA:482,0
DA:484,0
DA:488,0
DA:489,0
DA:490,0
DA:496,0
DA:498,0
DA:499,0
DA:500,0
DA:501,0
DA:502,0
DA:509,0
DA:510,0
DA:511,0
DA:512,0
DA:513,0
DA:519,0
DA:520,0
DA:523,0
DA:525,0
DA:536,0
DA:537,0
DA:539,0
DA:541,0
DA:543,0
DA:545,0
DA:547,0
DA:548,0
DA:553,0
DA:554,0
DA:555,0
DA:556,0
DA:570,0
DA:572,0
DA:573,0
DA:574,0
DA:580,0
DA:582,0
DA:583,0
DA:585,0
DA:589,0
DA:602,0
DA:609,0
DA:611,0
DA:613,0
DA:615,0
DA:616,0
DA:617,0
DA:623,0
DA:624,0
DA:626,0
DA:628,0
DA:632,0
DA:633,0
DA:634,0
DA:636,0
DA:637,0
DA:638,0
DA:639,0
DA:654,0
DA:656,0
DA:657,0
DA:664,0
DA:665,0
DA:674,0
DA:678,0
DA:679,0
DA:681,0
DA:683,0
DA:689,0
DA:690,0
DA:691,0
DA:692,0
DA:693,0
DA:694,0
DA:701,0
DA:702,0
DA:703,0
DA:711,0
DA:712,0
DA:713,0
DA:714,0
DA:715,0
DA:717,0
DA:718,0
DA:720,0
DA:721,0
DA:722,0
DA:723,0
DA:726,0
DA:728,0
DA:729,0
DA:730,0
DA:731,0
DA:734,0
DA:736,0
DA:737,0
DA:738,0
DA:739,0
DA:748,0
DA:750,0
DA:751,0
DA:752,0
DA:757,0
DA:758,0
DA:759,0
DA:760,0
DA:761,0
DA:762,0
DA:763,0
DA:764,0
DA:765,0
DA:766,0
DA:767,0
DA:769,0
DA:770,0
DA:771,0
DA:776,0
DA:777,0
DA:778,0
DA:779,0
DA:780,0
DA:783,0
DA:784,0
DA:785,0
DA:786,0
DA:787,0
DA:795,0
DA:796,0
DA:797,0
DA:799,0
DA:800,0
DA:801,0
DA:802,0
DA:803,0
DA:804,0
LF:326
LH:1
end_of_record
SF:lib\presentation\screens\store\store_screen.dart
DA:11,2
DA:13,0
DA:14,0
DA:140,0
DA:142,0
DA:143,0
DA:146,0
DA:147,0
DA:148,0
DA:149,0
DA:150,0
DA:151,0
DA:152,0
DA:157,0
DA:158,0
DA:159,0
DA:160,0
DA:161,0
DA:162,0
DA:167,0
DA:169,0
DA:170,0
DA:172,0
DA:178,0
DA:179,0
DA:182,0
DA:183,0
DA:184,0
DA:185,0
DA:186,0
DA:187,0
DA:188,0
DA:190,0
DA:192,0
DA:194,0
DA:197,0
DA:199,0
DA:200,0
DA:201,0
DA:202,0
DA:203,0
DA:208,0
DA:209,0
DA:211,0
DA:212,0
DA:213,0
DA:214,0
DA:215,0
DA:217,0
DA:221,0
DA:222,0
DA:223,0
DA:224,0
DA:228,0
DA:229,0
DA:230,0
DA:231,0
DA:232,0
DA:233,0
DA:246,0
DA:247,0
DA:256,0
DA:258,0
DA:259,0
DA:260,0
DA:261,0
DA:263,0
DA:266,0
DA:267,0
DA:269,0
DA:270,0
DA:271,0
DA:278,0
DA:279,0
DA:280,0
DA:281,0
DA:288,0
DA:289,0
DA:290,0
DA:292,0
DA:294,0
DA:295,0
DA:298,0
DA:305,0
DA:306,0
DA:317,0
DA:318,0
DA:319,0
DA:320,0
DA:323,0
DA:324,0
DA:325,0
DA:326,0
DA:337,0
DA:342,0
DA:343,0
DA:344,0
DA:345,0
DA:346,0
DA:347,0
DA:348,0
DA:356,0
DA:357,0
DA:358,0
DA:359,0
DA:370,0
DA:371,0
DA:372,0
DA:374,0
DA:376,0
DA:378,0
DA:380,0
DA:381,0
DA:382,0
DA:384,0
DA:385,0
DA:386,0
DA:387,0
DA:388,0
DA:389,0
DA:396,0
DA:397,0
DA:399,0
DA:400,0
DA:402,0
DA:403,0
DA:409,0
DA:410,0
DA:411,0
DA:413,0
DA:415,0
DA:416,0
DA:418,0
DA:425,0
DA:426,0
DA:427,0
DA:429,0
DA:430,0
DA:431,0
DA:434,0
DA:435,0
DA:440,0
DA:441,0
DA:442,0
DA:443,0
DA:451,0
DA:452,0
DA:453,0
DA:455,0
DA:457,0
DA:458,0
DA:459,0
DA:460,0
DA:462,0
DA:463,0
DA:464,0
DA:466,0
DA:467,0
DA:469,0
DA:470,0
DA:472,0
DA:473,0
DA:479,0
DA:480,0
DA:490,0
DA:492,0
DA:494,0
DA:496,0
DA:503,0
DA:505,0
DA:506,0
DA:507,0
DA:508,0
DA:509,0
DA:510,0
DA:516,0
DA:517,0
DA:520,0
DA:523,0
DA:524,0
DA:525,0
DA:526,0
DA:528,0
DA:530,0
DA:531,0
DA:533,0
DA:534,0
DA:535,0
DA:538,0
DA:547,0
DA:552,0
DA:554,0
DA:556,0
DA:557,0
DA:559,0
DA:560,0
DA:561,0
DA:562,0
DA:566,0
DA:567,0
DA:573,0
DA:574,0
DA:577,0
DA:579,0
DA:581,0
DA:583,0
DA:584,0
DA:589,0
DA:590,0
DA:593,0
DA:595,0
DA:596,0
DA:597,0
DA:599,0
DA:600,0
DA:606,0
DA:607,0
DA:608,0
DA:609,0
DA:614,0
DA:615,0
DA:616,0
DA:627,0
DA:628,0
DA:630,0
DA:632,0
DA:633,0
DA:634,0
DA:641,0
DA:642,0
DA:651,0
DA:652,0
DA:655,0
DA:656,0
DA:663,0
DA:664,0
DA:673,0
DA:675,0
DA:676,0
DA:677,0
DA:684,0
DA:687,0
DA:704,0
DA:705,0
DA:706,0
DA:708,0
DA:709,0
DA:715,0
DA:716,0
DA:727,0
DA:732,0
DA:733,0
DA:734,0
DA:735,0
DA:736,0
DA:738,0
DA:742,0
DA:743,0
DA:744,0
DA:751,0
DA:752,0
DA:753,0
DA:754,0
DA:757,0
DA:758,0
DA:759,0
DA:764,0
DA:769,0
DA:770,0
DA:773,0
DA:777,0
DA:782,0
DA:785,0
DA:787,0
DA:788,0
DA:789,0
DA:792,0
DA:794,0
DA:799,0
DA:800,0
DA:801,0
DA:802,0
DA:809,0
DA:810,0
DA:817,0
DA:818,0
DA:821,0
DA:822,0
DA:829,0
DA:830,0
DA:839,0
DA:840,0
DA:848,0
DA:849,0
DA:856,0
DA:857,0
DA:865,0
DA:867,0
DA:868,0
DA:869,0
DA:870,0
DA:871,0
DA:872,0
DA:885,0
DA:886,0
DA:887,0
DA:888,0
DA:889,0
DA:890,0
DA:891,0
DA:892,0
DA:893,0
DA:894,0
LF:313
LH:1
end_of_record
SF:lib\presentation\screens\account\account_screen.dart
DA:14,2
DA:16,0
DA:17,0
DA:27,0
DA:29,0
DA:30,0
DA:31,0
DA:32,0
DA:33,0
DA:35,0
DA:36,0
DA:37,0
DA:38,0
DA:39,0
DA:40,0
DA:43,0
DA:44,0
DA:45,0
DA:46,0
DA:47,0
DA:49,0
DA:55,0
DA:56,0
DA:57,0
DA:58,0
DA:61,0
DA:62,0
DA:63,0
DA:64,0
DA:65,0
DA:66,0
DA:67,0
DA:72,0
DA:73,0
DA:75,0
DA:76,0
DA:77,0
DA:84,0
DA:85,0
DA:94,0
DA:96,0
DA:97,0
DA:98,0
DA:100,0
DA:101,0
DA:102,0
DA:104,0
DA:105,0
DA:106,0
DA:115,0
DA:116,0
DA:118,0
DA:119,0
DA:120,0
DA:128,0
DA:129,0
DA:135,0
DA:137,0
DA:138,0
DA:139,0
DA:141,0
DA:142,0
DA:152,0
DA:153,0
DA:155,0
DA:157,0
DA:158,0
DA:160,0
DA:161,0
DA:162,0
DA:163,0
DA:164,0
DA:165,0
DA:166,0
DA:167,0
DA:168,0
DA:169,0
DA:182,0
DA:183,0
DA:185,0
DA:187,0
DA:188,0
DA:189,0
DA:193,0
DA:194,0
DA:195,0
DA:196,0
DA:197,0
DA:198,0
DA:200,0
DA:205,0
DA:206,0
DA:210,0
DA:218,0
DA:219,0
DA:221,0
DA:222,0
DA:224,0
DA:229,0
DA:232,0
DA:237,0
DA:240,0
DA:245,0
DA:251,0
DA:252,0
DA:254,0
DA:255,0
DA:257,0
DA:262,0
DA:263,0
DA:264,0
DA:269,0
DA:274,0
DA:275,0
DA:276,0
DA:284,0
DA:285,0
DA:287,0
DA:288,0
DA:290,0
DA:295,0
DA:296,0
DA:297,0
DA:298,0
DA:299,0
DA:305,0
DA:310,0
DA:316,0
DA:317,0
DA:319,0
DA:320,0
DA:322,0
DA:324,0
DA:325,0
DA:326,0
DA:328,0
DA:329,0
DA:330,0
DA:333,0
DA:335,0
DA:336,0
DA:337,0
DA:340,0
DA:342,0
DA:343,0
DA:344,0
DA:347,0
DA:349,0
DA:350,0
DA:351,0
DA:360,0
DA:367,0
DA:369,0
DA:370,0
DA:372,0
DA:374,0
DA:375,0
DA:376,0
DA:378,0
DA:379,0
DA:381,0
DA:384,0
DA:386,0
DA:387,0
DA:390,0
DA:391,0
DA:392,0
DA:399,0
DA:404,0
DA:407,0
DA:412,0
DA:415,0
DA:420,0
DA:421,0
DA:425,0
DA:429,0
DA:432,0
DA:436,0
DA:439,0
DA:441,0
DA:442,0
DA:444,0
DA:448,0
DA:458,0
DA:459,0
DA:465,0
DA:470,0
DA:472,0
DA:473,0
DA:474,0
DA:476,0
DA:477,0
DA:480,0
DA:481,0
DA:482,0
DA:483,0
DA:486,0
DA:489,0
DA:490,0
DA:491,0
DA:492,0
DA:501,0
DA:502,0
DA:509,0
DA:511,0
DA:520,0
DA:525,0
DA:527,0
DA:528,0
DA:529,0
DA:532,0
DA:533,0
DA:534,0
DA:535,0
DA:537,0
DA:538,0
DA:539,0
DA:548,0
DA:549,0
DA:555,0
LF:220
LH:1
end_of_record
SF:lib\presentation\screens\coach\coach_dashboard_screen.dart
DA:17,2
DA:19,0
DA:20,0
DA:26,0
DA:28,0
DA:29,0
DA:30,0
DA:31,0
DA:35,0
DA:36,0
DA:37,0
DA:39,0
DA:40,0
DA:42,0
DA:43,0
DA:44,0
DA:45,0
DA:50,0
DA:51,0
DA:52,0
DA:53,0
DA:54,0
DA:58,0
DA:60,0
DA:61,0
DA:62,0
DA:64,0
DA:65,0
DA:66,0
DA:67,0
DA:68,0
DA:71,0
DA:75,0
DA:76,0
DA:77,0
DA:78,0
DA:79,0
DA:85,0
DA:86,0
DA:90,0
DA:94,0
DA:98,0
DA:102,0
DA:111,0
DA:116,0
DA:117,0
DA:118,0
DA:120,0
DA:121,0
DA:122,0
DA:123,0
DA:124,0
DA:126,0
DA:128,0
DA:130,0
DA:132,0
DA:133,0
DA:134,0
DA:135,0
DA:136,0
DA:137,0
DA:138,0
DA:139,0
DA:140,0
DA:142,0
DA:144,0
DA:145,0
DA:147,0
DA:154,0
DA:155,0
DA:156,0
DA:157,0
DA:159,0
DA:160,0
DA:168,0
DA:178,0
DA:180,0
DA:181,0
DA:182,0
DA:190,0
DA:191,0
DA:192,0
DA:194,0
DA:201,0
DA:202,0
DA:203,0
DA:204,0
DA:205,0
DA:206,0
DA:208,0
DA:214,0
DA:215,0
DA:217,0
DA:227,0
DA:228,0
DA:229,0
DA:230,0
DA:232,0
DA:238,0
DA:239,0
DA:241,0
DA:250,0
DA:253,0
DA:255,0
DA:256,0
DA:263,0
DA:264,0
DA:265,0
DA:266,0
DA:269,0
DA:273,0
DA:276,0
DA:278,0
DA:280,0
DA:283,0
DA:290,0
DA:292,0
DA:297,0
DA:300,0
DA:302,0
DA:307,0
DA:310,0
DA:312,0
DA:317,0
DA:326,0
DA:332,0
DA:333,0
DA:336,0
DA:337,0
DA:345,0
DA:346,0
DA:347,0
DA:348,0
DA:349,0
DA:352,0
DA:357,0
DA:358,0
DA:359,0
DA:362,0
DA:366,0
DA:367,0
DA:368,0
DA:369,0
DA:371,0
DA:372,0
DA:373,0
DA:375,0
DA:376,0
DA:377,0
DA:378,0
DA:384,0
DA:398,0
DA:399,0
DA:400,0
DA:401,0
DA:402,0
DA:405,0
DA:410,0
DA:411,0
DA:412,0
DA:413,0
DA:414,0
DA:415,0
DA:416,0
DA:422,0
DA:425,0
DA:430,0
DA:432,0
DA:433,0
DA:434,0
DA:435,0
DA:436,0
DA:437,0
DA:439,0
DA:443,0
DA:444,0
DA:445,0
DA:446,0
DA:448,0
DA:449,0
DA:451,0
DA:452,0
DA:458,0
DA:471,0
DA:473,0
DA:475,0
LF:186
LH:1
end_of_record
SF:lib\presentation\screens\admin\admin_dashboard_screen.dart
DA:14,2
DA:16,0
DA:17,0
DA:23,0
DA:25,0
DA:26,0
DA:27,0
DA:31,0
DA:32,0
DA:33,0
DA:36,0
DA:38,0
DA:39,0
DA:41,0
DA:42,0
DA:43,0
DA:44,0
DA:45,0
DA:52,0
DA:53,0
DA:54,0
DA:55,0
DA:56,0
DA:62,0
DA:63,0
DA:67,0
DA:71,0
DA:75,0
DA:79,0
DA:88,0
DA:89,0
DA:90,0
DA:91,0
DA:93,0
DA:94,0
DA:95,0
DA:96,0
DA:98,0
DA:100,0
DA:102,0
DA:104,0
DA:105,0
DA:106,0
DA:108,0
DA:109,0
DA:117,0
DA:127,0
DA:129,0
DA:138,0
DA:139,0
DA:140,0
DA:141,0
DA:142,0
DA:143,0
DA:145,0
DA:148,0
DA:149,0
DA:154,0
DA:155,0
DA:157,0
DA:160,0
DA:161,0
DA:170,0
DA:171,0
DA:172,0
DA:173,0
DA:175,0
DA:178,0
DA:179,0
DA:184,0
DA:185,0
DA:187,0
DA:190,0
DA:191,0
DA:200,0
DA:201,0
DA:202,0
DA:203,0
DA:205,0
DA:208,0
DA:209,0
DA:214,0
DA:215,0
DA:217,0
DA:228,0
DA:236,0
DA:237,0
DA:238,0
DA:239,0
DA:240,0
DA:242,0
DA:243,0
DA:244,0
DA:246,0
DA:247,0
DA:248,0
DA:251,0
DA:252,0
DA:257,0
DA:258,0
DA:260,0
DA:261,0
DA:262,0
DA:269,0
DA:270,0
DA:271,0
DA:272,0
DA:273,0
DA:274,0
DA:275,0
DA:284,0
DA:286,0
DA:287,0
DA:288,0
DA:294,0
DA:295,0
DA:306,0
DA:307,0
DA:310,0
DA:317,0
DA:318,0
DA:320,0
DA:321,0
DA:322,0
DA:324,0
DA:325,0
DA:326,0
DA:335,0
DA:336,0
DA:338,0
DA:339,0
DA:347,0
DA:348,0
DA:369,0
DA:371,0
DA:373,0
DA:375,0
DA:382,0
DA:389,0
DA:390,0
DA:393,0
DA:394,0
DA:397,0
DA:399,0
DA:400,0
DA:401,0
DA:411,0
DA:417,0
DA:419,0
DA:421,0
DA:422,0
DA:425,0
DA:426,0
DA:429,0
DA:432,0
LF:155
LH:1
end_of_record
SF:lib\data\models\coach_profile.dart
DA:16,0
DA:32,0
DA:33,0
DA:34,0
DA:35,0
DA:36,0
DA:37,0
DA:38,0
DA:39,0
DA:40,0
DA:41,0
DA:42,0
DA:43,0
DA:44,0
DA:45,0
DA:46,0
DA:59,0
DA:68,0
DA:69,0
DA:70,0
DA:71,0
DA:72,0
DA:73,0
DA:74,0
DA:75,0
LF:25
LH:0
end_of_record
SF:lib\data\repositories\admin_repository.dart
DA:12,0
DA:13,0
DA:14,0
DA:20,0
DA:22,0
DA:23,0
DA:24,0
DA:25,0
DA:26,0
DA:31,0
DA:40,0
DA:41,0
DA:42,0
DA:43,0
DA:44,0
DA:45,0
DA:46,0
DA:49,0
DA:54,0
DA:55,0
DA:58,0
DA:59,0
DA:60,0
DA:61,0
DA:66,0
DA:68,0
DA:69,0
DA:70,0
DA:71,0
DA:72,0
DA:77,0
DA:86,0
DA:87,0
DA:88,0
DA:89,0
DA:90,0
DA:91,0
DA:92,0
DA:93,0
DA:97,0
DA:98,0
DA:99,0
DA:100,0
DA:105,0
DA:107,0
DA:108,0
DA:109,0
DA:111,0
DA:112,0
DA:117,0
DA:119,0
DA:120,0
DA:121,0
DA:126,0
DA:134,0
DA:135,0
DA:136,0
DA:137,0
DA:138,0
DA:139,0
DA:142,0
DA:147,0
DA:148,0
DA:151,0
DA:152,0
DA:153,0
DA:154,0
DA:159,0
DA:161,0
DA:162,0
DA:163,0
DA:168,0
DA:170,0
DA:171,0
DA:172,0
DA:174,0
DA:175,0
DA:180,0
DA:186,0
DA:187,0
DA:188,0
DA:189,0
DA:192,0
DA:197,0
DA:198,0
DA:199,0
DA:200,0
DA:205,0
DA:214,0
DA:215,0
DA:216,0
DA:217,0
DA:218,0
DA:219,0
DA:220,0
DA:223,0
DA:228,0
DA:229,0
DA:232,0
DA:233,0
DA:234,0
DA:235,0
LF:102
LH:0
end_of_record
SF:lib\data\repositories\coach_repository.dart
DA:14,0
DA:16,0
DA:17,0
DA:18,0
DA:19,0
DA:24,0
DA:25,0
DA:26,0
DA:32,0
DA:40,0
DA:41,0
DA:42,0
DA:43,0
DA:44,0
DA:47,0
DA:48,0
DA:52,0
DA:53,0
DA:56,0
DA:57,0
DA:58,0
DA:59,0
DA:64,0
DA:69,0
DA:70,0
DA:72,0
DA:77,0
DA:86,0
DA:87,0
DA:88,0
DA:89,0
DA:90,0
DA:91,0
DA:94,0
DA:95,0
DA:99,0
DA:100,0
DA:103,0
DA:104,0
DA:105,0
DA:106,0
DA:111,0
DA:120,0
DA:121,0
DA:122,0
DA:123,0
DA:124,0
DA:125,0
DA:126,0
DA:127,0
DA:131,0
DA:132,0
DA:133,0
DA:134,0
DA:139,0
DA:149,0
DA:150,0
DA:151,0
DA:152,0
DA:153,0
DA:154,0
DA:155,0
DA:156,0
DA:160,0
DA:161,0
DA:162,0
DA:163,0
DA:168,0
DA:175,0
DA:176,0
DA:177,0
DA:178,0
DA:181,0
DA:182,0
DA:186,0
DA:187,0
DA:188,0
DA:189,0
DA:194,0
DA:201,0
DA:202,0
DA:203,0
DA:204,0
DA:205,0
DA:208,0
DA:209,0
DA:214,0
DA:218,0
DA:220,0
DA:221,0
DA:222,0
DA:223,0
DA:228,0
DA:233,0
DA:234,0
DA:237,0
DA:238,0
DA:241,0
DA:242,0
DA:243,0
DA:248,0
DA:255,0
DA:256,0
DA:257,0
DA:262,0
DA:263,0
DA:268,0
DA:273,0
DA:274,0
DA:277,0
DA:278,0
DA:281,0
DA:282,0
DA:283,0
DA:288,0
DA:297,0
DA:298,0
DA:299,0
DA:306,0
DA:307,0
LF:120
LH:0
end_of_record
SF:lib\data\repositories\payment_repository.dart
DA:11,0
DA:12,0
DA:13,0
DA:19,0
DA:20,0
DA:23,0
DA:24,0
DA:25,0
DA:26,0
DA:31,0
DA:36,0
DA:38,0
DA:42,0
DA:45,0
DA:46,0
DA:47,0
DA:52,0
DA:54,0
DA:56,0
DA:57,0
DA:60,0
DA:61,0
DA:62,0
DA:67,0
DA:72,0
DA:74,0
DA:78,0
DA:81,0
DA:82,0
DA:83,0
DA:88,0
DA:90,0
DA:91,0
DA:92,0
DA:95,0
DA:96,0
DA:97,0
DA:102,0
DA:104,0
DA:106,0
DA:109,0
DA:110,0
DA:111,0
DA:116,0
DA:118,0
DA:120,0
DA:123,0
DA:124,0
DA:125,0
DA:130,0
DA:132,0
DA:134,0
DA:136,0
DA:137,0
DA:142,0
DA:144,0
DA:147,0
DA:149,0
DA:150,0
DA:155,0
DA:157,0
DA:159,0
DA:160,0
DA:163,0
DA:164,0
DA:165,0
LF:66
LH:0
end_of_record
SF:lib\presentation\providers\coach_provider.dart
DA:15,0
DA:28,0
DA:29,0
DA:30,0
DA:31,0
DA:32,0
DA:33,0
DA:34,0
DA:37,0
DA:39,0
DA:40,0
DA:41,0
DA:42,0
DA:45,0
DA:46,0
DA:47,0
DA:50,0
DA:51,0
DA:52,0
DA:54,0
DA:55,0
DA:56,0
DA:61,0
DA:67,0
DA:68,0
DA:69,0
DA:70,0
DA:73,0
DA:74,0
DA:75,0
DA:78,0
DA:83,0
DA:84,0
DA:86,0
DA:87,0
DA:88,0
DA:93,0
DA:98,0
DA:99,0
DA:100,0
DA:101,0
DA:102,0
DA:105,0
DA:106,0
DA:107,0
DA:110,0
DA:114,0
DA:115,0
DA:117,0
DA:118,0
DA:119,0
DA:124,0
DA:131,0
DA:135,0
DA:136,0
DA:137,0
[...]
DA:457,0
DA:460,0
DA:461,0
DA:462,0
DA:463,0
DA:464,0
DA:465,0
DA:466,0
DA:467,0
DA:469,0
DA:473,0
DA:474,0
DA:475,0
DA:476,0
DA:478,0
DA:486,0
DA:489,0
DA:490,0
DA:491,0
DA:492,0
DA:494,0
DA:500,0
DA:501,0
DA:502,0
DA:503,0
DA:510,0
DA:511,0
DA:513,0
DA:515,0
DA:516,0
DA:518,0
DA:519,0
DA:526,0
DA:527,0
DA:534,0
DA:535,0
DA:536,0
DA:537,0
DA:538,0
DA:539,0
DA:541,0
DA:542,0
DA:544,0
DA:545,0
DA:546,0
DA:547,0
DA:549,0
DA:550,0
DA:551,0
DA:553,0
DA:554,0
DA:556,0
DA:557,0
DA:558,0
DA:559,0
DA:563,0
DA:566,0
DA:567,0
DA:574,0
DA:575,0
DA:577,0
DA:578,0
DA:579,0
DA:580,0
DA:581,0
DA:583,0
DA:584,0
DA:586,0
DA:587,0
DA:590,0
DA:592,0
DA:600,0
DA:601,0
DA:602,0
DA:603,0
DA:605,0
DA:606,0
DA:607,0
DA:608,0
DA:609,0
DA:610,0
DA:617,0
DA:619,0
DA:620,0
DA:622,0
DA:623,0
DA:624,0
DA:625,0
DA:629,0
DA:632,0
DA:633,0
DA:640,0
DA:641,0
LF:286
LH:1
end_of_record
SF:lib\presentation\screens\admin\admin_users_screen.dart
DA:10,1
DA:12,0
DA:13,0
DA:21,0
DA:23,0
DA:24,0
DA:25,0
DA:29,0
DA:30,0
DA:31,0
DA:32,0
DA:33,0
DA:34,0
DA:38,0
DA:40,0
DA:41,0
DA:44,0
DA:46,0
DA:47,0
DA:48,0
DA:50,0
DA:51,0
DA:52,0
DA:53,0
DA:54,0
DA:56,0
DA:60,0
DA:61,0
DA:63,0
DA:65,0
DA:66,0
DA:68,0
DA:69,0
DA:70,0
DA:73,0
DA:74,0
DA:76,0
DA:77,0
DA:78,0
DA:82,0
DA:83,0
DA:86,0
DA:87,0
DA:88,0
DA:89,0
DA:98,0
DA:99,0
DA:100,0
DA:101,0
DA:102,0
DA:103,0
DA:105,0
DA:106,0
DA:109,0
DA:110,0
DA:112,0
DA:114,0
DA:116,0
DA:118,0
DA:120,0
DA:122,0
DA:124,0
DA:127,0
DA:128,0
DA:129,0
DA:131,0
DA:136,0
DA:137,0
DA:138,0
DA:139,0
DA:141,0
DA:142,0
DA:145,0
DA:146,0
DA:148,0
DA:150,0
DA:152,0
DA:154,0
DA:156,0
DA:159,0
DA:160,0
DA:161,0
DA:163,0
DA:174,0
DA:175,0
DA:177,0
DA:178,0
DA:179,0
DA:181,0
DA:184,0
DA:185,0
DA:190,0
DA:191,0
DA:192,0
DA:197,0
DA:198,0
DA:199,0
DA:201,0
DA:202,0
DA:208,0
DA:218,0
DA:219,0
DA:220,0
DA:222,0
DA:223,0
DA:224,0
DA:225,0
DA:235,0
DA:236,0
DA:238,0
DA:239,0
DA:240,0
DA:242,0
DA:243,0
DA:245,0
DA:247,0
DA:248,0
DA:249,0
DA:251,0
DA:252,0
DA:253,0
DA:266,0
DA:267,0
DA:269,0
DA:270,0
DA:271,0
DA:278,0
DA:279,0
DA:280,0
DA:286,0
DA:287,0
DA:288,0
DA:290,0
DA:295,0
DA:296,0
DA:297,0
DA:299,0
DA:300,0
DA:312,0
DA:317,0
DA:318,0
DA:319,0
DA:321,0
DA:322,0
DA:333,0
DA:335,0
DA:336,0
DA:337,0
DA:353,0
DA:355,0
DA:357,0
DA:358,0
DA:360,0
DA:361,0
DA:363,0
DA:364,0
DA:368,0
DA:369,0
DA:371,0
DA:372,0
DA:375,0
DA:379,0
DA:381,0
DA:382,0
DA:385,0
DA:389,0
DA:391,0
DA:392,0
DA:395,0
DA:411,0
DA:412,0
DA:413,0
DA:414,0
DA:415,0
DA:416,0
DA:417,0
DA:420,0
DA:421,0
DA:422,0
DA:423,0
DA:424,0
DA:426,0
DA:428,0
DA:429,0
DA:430,0
DA:431,0
DA:435,0
DA:436,0
DA:437,0
DA:438,0
DA:445,0
DA:446,0
DA:448,0
DA:450,0
DA:451,0
DA:453,0
DA:454,0
DA:461,0
DA:462,0
DA:469,0
DA:470,0
DA:471,0
DA:472,0
DA:473,0
DA:475,0
DA:476,0
DA:477,0
DA:478,0
DA:479,0
DA:480,0
DA:481,0
DA:483,0
DA:484,0
DA:486,0
DA:492,0
DA:494,0
DA:500,0
DA:502,0
DA:506,0
DA:507,0
DA:509,0
DA:511,0
DA:512,0
DA:513,0
DA:519,0
DA:520,0
DA:522,0
DA:523,0
DA:531,0
DA:532,0
DA:533,0
DA:534,0
DA:536,0
DA:537,0
DA:538,0
DA:540,0
DA:541,0
DA:542,0
DA:543,0
DA:544,0
DA:549,0
DA:550,0
DA:551,0
DA:552,0
DA:556,0
DA:559,0
DA:567,0
DA:568,0
DA:570,0
DA:571,0
DA:572,0
DA:573,0
DA:574,0
DA:576,0
DA:577,0
DA:579,0
DA:580,0
DA:583,0
DA:585,0
DA:593,0
DA:594,0
DA:595,0
DA:596,0
DA:598,0
DA:599,0
DA:600,0
DA:601,0
DA:602,0
DA:603,0
DA:610,0
DA:612,0
DA:613,0
DA:615,0
DA:616,0
DA:617,0
DA:618,0
DA:622,0
DA:625,0
DA:626,0
DA:633,0
DA:634,0
DA:635,0
DA:636,0
DA:637,0
DA:638,0
DA:640,0
DA:641,0
DA:643,0
DA:644,0
DA:645,0
DA:646,0
DA:648,0
DA:649,0
DA:650,0
DA:652,0
DA:653,0
DA:655,0
DA:656,0
DA:657,0
DA:658,0
DA:662,0
DA:665,0
DA:666,0
DA:673,0
DA:674,0
DA:677,0
DA:678,0
DA:679,0
DA:680,0
DA:682,0
LF:310
LH:1
end_of_record
SF:lib\presentation\screens\admin\admin_revenue_screen.dart
DA:10,1
DA:12,0
DA:13,0
DA:19,0
DA:21,0
DA:22,0
DA:23,0
DA:27,0
DA:28,0
DA:29,0
DA:32,0
DA:34,0
DA:35,0
DA:36,0
DA:37,0
DA:39,0
DA:40,0
DA:41,0
DA:42,0
DA:43,0
DA:45,0
DA:49,0
DA:51,0
DA:52,0
DA:53,0
DA:55,0
DA:58,0
DA:59,0
DA:64,0
DA:65,0
DA:66,0
DA:71,0
DA:72,0
DA:73,0
DA:75,0
DA:77,0
DA:79,0
DA:80,0
DA:82,0
DA:83,0
DA:84,0
DA:85,0
DA:86,0
DA:88,0
DA:89,0
DA:90,0
DA:99,0
DA:100,0
DA:102,0
DA:103,0
DA:111,0
DA:112,0
DA:125,0
DA:127,0
DA:128,0
DA:130,0
DA:134,0
DA:139,0
DA:141,0
DA:142,0
DA:143,0
DA:157,0
DA:165,0
DA:166,0
DA:168,0
DA:169,0
DA:170,0
DA:172,0
DA:175,0
DA:177,0
DA:180,0
DA:182,0
DA:186,0
DA:187,0
DA:188,0
DA:189,0
DA:191,0
DA:200,0
DA:201,0
DA:209,0
DA:210,0
DA:212,0
DA:214,0
DA:215,0
DA:216,0
DA:220,0
DA:228,0
DA:229,0
DA:233,0
DA:234,0
DA:237,0
DA:238,0
DA:240,0
DA:241,0
DA:251,0
DA:252,0
DA:255,0
DA:256,0
DA:257,0
DA:267,0
DA:269,0
DA:270,0
DA:274,0
DA:276,0
DA:277,0
DA:278,0
DA:279,0
DA:280,0
DA:281,0
DA:287,0
DA:289,0
DA:302,0
DA:309,0
DA:310,0
DA:311,0
DA:312,0
DA:313,0
DA:314,0
DA:316,0
DA:317,0
DA:318,0
DA:320,0
DA:321,0
DA:322,0
DA:325,0
DA:326,0
DA:327,0
DA:329,0
DA:330,0
DA:331,0
DA:335,0
DA:336,0
DA:338,0
DA:339,0
DA:340,0
DA:347,0
DA:348,0
DA:355,0
DA:356,0
DA:357,0
DA:358,0
DA:359,0
DA:360,0
DA:361,0
DA:370,0
DA:372,0
DA:373,0
DA:374,0
DA:381,0
DA:382,0
DA:393,0
DA:394,0
DA:397,0
DA:407,0
DA:408,0
DA:409,0
DA:410,0
DA:412,0
DA:414,0
DA:421,0
DA:432,0
DA:433,0
DA:434,0
DA:437,0
DA:438,0
DA:439,0
DA:440,0
DA:442,0
DA:450,0
DA:451,0
DA:452,0
DA:453,0
DA:455,0
LF:173
LH:1
end_of_record
SF:lib\presentation\screens\booking\video_booking_screen.dart
DA:10,2
DA:12,0
DA:13,0
DA:35,0
DA:37,0
DA:38,0
DA:41,0
DA:43,0
DA:44,0
DA:45,0
DA:46,0
DA:48,0
DA:49,0
DA:50,0
DA:52,0
DA:54,0
DA:56,0
DA:58,0
DA:59,0
DA:60,0
DA:61,0
DA:62,0
DA:67,0
DA:68,0
DA:70,0
DA:71,0
DA:82,0
DA:91,0
DA:92,0
DA:93,0
DA:94,0
DA:95,0
DA:100,0
DA:101,0
DA:102,0
DA:103,0
DA:104,0
DA:105,0
DA:107,0
DA:118,0
DA:122,0
DA:131,0
DA:134,0
DA:135,0
DA:136,0
DA:137,0
DA:138,0
DA:139,0
DA:142,0
DA:147,0
DA:151,0
DA:156,0
DA:158,0
DA:160,0
DA:171,0
DA:175,0
DA:178,0
DA:185,0
DA:187,0
DA:188,0
DA:189,0
DA:190,0
DA:191,0
DA:193,0
DA:194,0
DA:195,0
DA:196,0
DA:199,0
DA:201,0
DA:205,0
DA:210,0
DA:212,0
DA:213,0
DA:214,0
DA:215,0
DA:229,0
DA:232,0
DA:235,0
DA:242,0
DA:244,0
DA:245,0
DA:246,0
DA:248,0
DA:249,0
DA:250,0
DA:251,0
DA:254,0
DA:255,0
DA:256,0
DA:259,0
DA:261,0
DA:269,0
DA:270,0
DA:282,0
DA:283,0
DA:284,0
DA:295,0
DA:297,0
DA:300,0
DA:307,0
DA:309,0
DA:310,0
DA:312,0
DA:316,0
DA:317,0
DA:322,0
DA:325,0
DA:327,0
DA:329,0
DA:336,0
DA:343,0
DA:344,0
DA:345,0
DA:346,0
DA:349,0
DA:351,0
DA:353,0
DA:360,0
DA:361,0
DA:366,0
DA:369,0
DA:370,0
DA:372,0
DA:373,0
DA:374,0
DA:378,0
DA:379,0
DA:380,0
DA:385,0
DA:386,0
DA:388,0
DA:389,0
DA:390,0
DA:393,0
DA:394,0
DA:399,0
DA:400,0
DA:401,0
DA:402,0
DA:405,0
DA:406,0
DA:407,0
DA:408,0
DA:410,0
DA:411,0
DA:412,0
DA:413,0
DA:414,0
DA:415,0
DA:416,0
DA:425,0
LF:151
LH:1
end_of_record
SF:lib\presentation\screens\coach\coach_calendar_screen.dart
DA:12,1
DA:14,0
DA:15,0
DA:23,0
DA:25,0
DA:26,0
DA:27,0
DA:28,0
DA:32,0
DA:33,0
DA:34,0
DA:36,0
DA:38,0
DA:39,0
DA:41,0
DA:42,0
DA:49,0
DA:50,0
DA:53,0
DA:57,0
DA:58,0
DA:59,0
DA:60,0
DA:63,0
DA:65,0
DA:66,0
DA:67,0
DA:68,0
DA:70,0
DA:71,0
DA:72,0
DA:74,0
DA:75,0
DA:76,0
DA:77,0
DA:78,0
DA:80,0
DA:82,0
DA:84,0
DA:88,0
DA:90,0
DA:91,0
DA:92,0
DA:94,0
DA:97,0
DA:98,0
DA:103,0
DA:104,0
DA:105,0
DA:110,0
DA:111,0
DA:113,0
DA:115,0
DA:116,0
DA:117,0
DA:118,0
DA:119,0
DA:120,0
DA:121,0
DA:122,0
DA:123,0
DA:124,0
DA:127,0
DA:128,0
DA:129,0
DA:132,0
DA:133,0
DA:134,0
DA:136,0
DA:138,0
DA:139,0
DA:141,0
DA:150,0
DA:151,0
DA:163,0
DA:165,0
DA:167,0
DA:168,0
DA:169,0
DA:170,0
DA:171,0
DA:177,0
DA:178,0
DA:179,0
DA:190,0
DA:191,0
DA:192,0
DA:193,0
DA:195,0
DA:196,0
DA:202,0
DA:212,0
DA:214,0
DA:215,0
DA:216,0
DA:217,0
DA:226,0
DA:227,0
DA:229,0
DA:231,0
DA:233,0
DA:234,0
DA:235,0
DA:237,0
DA:239,0
DA:240,0
DA:241,0
DA:243,0
DA:244,0
DA:245,0
DA:248,0
DA:256,0
DA:257,0
DA:259,0
DA:260,0
DA:261,0
DA:268,0
DA:269,0
DA:270,0
DA:271,0
DA:276,0
DA:277,0
DA:290,0
DA:292,0
DA:293,0
DA:294,0
DA:296,0
DA:297,0
DA:308,0
DA:310,0
DA:311,0
DA:319,0
DA:322,0
DA:324,0
DA:325,0
DA:326,0
DA:327,0
DA:329,0
DA:332,0
DA:333,0
DA:335,0
DA:336,0
DA:349,0
DA:350,0
DA:353,0
DA:354,0
DA:358,0
DA:359,0
DA:362,0
DA:364,0
DA:365,0
DA:366,0
DA:367,0
DA:368,0
DA:369,0
DA:370,0
DA:372,0
DA:374,0
DA:376,0
DA:380,0
DA:381,0
DA:382,0
DA:383,0
DA:385,0
DA:386,0
DA:387,0
DA:396,0
DA:397,0
DA:398,0
DA:400,0
DA:401,0
DA:404,0
DA:405,0
DA:408,0
DA:416,0
DA:417,0
DA:418,0
DA:420,0
DA:421,0
DA:426,0
DA:436,0
DA:438,0
DA:442,0
DA:443,0
DA:445,0
DA:447,0
DA:448,0
DA:449,0
DA:458,0
DA:460,0
DA:464,0
DA:465,0
DA:467,0
DA:469,0
DA:471,0
DA:473,0
DA:475,0
DA:478,0
DA:479,0
DA:488,0
DA:490,0
DA:499,0
DA:500,0
DA:501,0
DA:502,0
DA:504,0
DA:507,0
DA:508,0
DA:510,0
DA:511,0
DA:512,0
DA:513,0
DA:514,0
DA:515,0
DA:518,0
DA:519,0
DA:524,0
DA:527,0
DA:528,0
DA:529,0
DA:530,0
DA:536,0
DA:537,0
DA:538,0
DA:539,0
DA:540,0
DA:546,0
DA:554,0
DA:555,0
DA:556,0
DA:557,0
DA:558,0
DA:560,0
DA:561,0
DA:562,0
DA:563,0
DA:564,0
DA:565,0
DA:566,0
DA:568,0
DA:570,0
DA:571,0
DA:572,0
DA:574,0
DA:575,0
DA:578,0
DA:579,0
DA:582,0
DA:590,0
DA:591,0
DA:592,0
DA:594,0
DA:595,0
DA:600,0
DA:610,0
DA:612,0
DA:616,0
DA:617,0
DA:619,0
DA:621,0
DA:622,0
DA:623,0
DA:632,0
DA:634,0
DA:643,0
DA:644,0
DA:645,0
DA:646,0
DA:648,0
DA:649,0
DA:650,0
DA:652,0
DA:653,0
DA:654,0
DA:655,0
DA:656,0
DA:657,0
DA:660,0
DA:661,0
DA:662,0
DA:663,0
DA:666,0
DA:669,0
DA:670,0
DA:671,0
DA:672,0
DA:678,0
DA:679,0
DA:680,0
DA:681,0
DA:682,0
DA:688,0
DA:696,0
DA:697,0
DA:698,0
DA:699,0
DA:700,0
DA:701,0
DA:706,0
DA:707,0
DA:708,0
DA:709,0
DA:711,0
DA:712,0
DA:713,0
DA:715,0
DA:716,0
DA:717,0
DA:718,0
DA:722,0
DA:723,0
DA:724,0
DA:725,0
DA:731,0
DA:732,0
DA:733,0
DA:734,0
DA:735,0
DA:741,0
DA:744,0
DA:751,0
DA:752,0
DA:755,0
DA:756,0
DA:759,0
DA:761,0
DA:763,0
DA:765,0
DA:772,0
DA:774,0
DA:776,0
DA:778,0
DA:785,0
DA:787,0
DA:789,0
DA:791,0
DA:793,0
DA:795,0
DA:802,0
DA:804,0
DA:805,0
DA:806,0
DA:807,0
DA:808,0
DA:809,0
DA:811,0
DA:815,0
DA:817,0
DA:819,0
DA:821,0
DA:823,0
DA:825,0
LF:352
LH:1
end_of_record
SF:lib\presentation\screens\coach\coach_client_detail_screen.dart
DA:15,0
DA:20,0
DA:21,0
DA:25,0
DA:27,0
DA:28,0
DA:29,0
DA:33,0
DA:34,0
DA:35,0
DA:37,0
DA:38,0
DA:39,0
DA:40,0
DA:45,0
DA:47,0
DA:48,0
DA:49,0
DA:50,0
DA:51,0
DA:53,0
DA:54,0
DA:55,0
DA:56,0
DA:57,0
DA:59,0
DA:63,0
DA:65,0
DA:66,0
DA:67,0
DA:69,0
DA:76,0
DA:77,0
DA:82,0
DA:83,0
DA:84,0
DA:89,0
DA:90,0
DA:91,0
DA:93,0
DA:95,0
DA:97,0
DA:102,0
DA:107,0
DA:112,0
DA:117,0
DA:125,0
DA:126,0
DA:127,0
DA:129,0
DA:130,0
DA:132,0
DA:134,0
DA:135,0
DA:136,0
DA:138,0
DA:139,0
DA:140,0
DA:152,0
DA:153,0
DA:164,0
DA:168,0
DA:170,0
DA:172,0
DA:173,0
DA:174,0
DA:176,0
DA:177,0
DA:187,0
DA:189,0
DA:190,0
DA:191,0
DA:193,0
DA:194,0
DA:205,0
DA:207,0
DA:209,0
DA:212,0
DA:213,0
DA:228,0
DA:229,0
DA:230,0
DA:232,0
DA:234,0
DA:235,0
DA:237,0
DA:238,0
DA:245,0
DA:246,0
DA:248,0
DA:255,0
DA:256,0
DA:259,0
DA:261,0
DA:262,0
DA:265,0
DA:266,0
DA:268,0
DA:269,0
DA:270,0
DA:277,0
DA:295,0
DA:296,0
DA:297,0
DA:299,0
DA:301,0
DA:302,0
DA:313,0
DA:315,0
DA:316,0
DA:317,0
DA:320,0
DA:321,0
DA:322,0
DA:323,0
DA:324,0
DA:325,0
DA:326,0
DA:327,0
DA:330,0
DA:337,0
DA:339,0
DA:340,0
DA:341,0
DA:344,0
DA:345,0
DA:346,0
DA:347,0
DA:348,0
DA:349,0
DA:350,0
DA:351,0
DA:354,0
DA:363,0
DA:364,0
DA:365,0
DA:367,0
DA:369,0
DA:370,0
DA:381,0
DA:382,0
DA:385,0
DA:388,0
DA:391,0
DA:392,0
DA:395,0
DA:398,0
DA:401,0
DA:404,0
DA:412,0
DA:413,0
DA:414,0
DA:416,0
DA:418,0
DA:419,0
DA:430,0
DA:431,0
DA:434,0
DA:437,0
DA:438,0
DA:441,0
DA:442,0
DA:445,0
DA:453,0
DA:458,0
DA:459,0
DA:460,0
DA:462,0
DA:463,0
DA:465,0
DA:466,0
DA:474,0
DA:488,0
DA:489,0
DA:490,0
DA:493,0
DA:494,0
DA:496,0
DA:497,0
DA:498,0
DA:499,0
DA:500,0
DA:501,0
DA:503,0
DA:504,0
DA:505,0
DA:506,0
DA:509,0
DA:513,0
DA:514,0
DA:518,0
DA:519,0
DA:520,0
DA:521,0
DA:528,0
DA:530,0
DA:538,0
DA:539,0
DA:540,0
DA:541,0
DA:543,0
DA:544,0
DA:545,0
DA:547,0
DA:548,0
DA:549,0
DA:551,0
DA:554,0
DA:555,0
DA:556,0
DA:557,0
DA:565,0
DA:566,0
DA:567,0
DA:568,0
DA:574,0
DA:582,0
DA:583,0
DA:586,0
DA:587,0
DA:588,0
DA:590,0
DA:598,0
DA:599,0
DA:600,0
DA:602,0
DA:604,0
DA:606,0
DA:613,0
DA:614,0
DA:615,0
LF:231
LH:0
end_of_record
SF:lib\presentation\screens\coach\workout_plan_editor_screen.dart
DA:15,0
DA:21,0
DA:23,0
DA:34,0
DA:36,0
DA:37,0
DA:40,0
DA:41,0
DA:42,0
DA:45,0
DA:46,0
DA:47,0
DA:48,0
DA:52,0
DA:53,0
DA:54,0
DA:55,0
DA:56,0
DA:59,0
DA:60,0
DA:65,0
DA:67,0
DA:68,0
DA:71,0
DA:72,0
DA:73,0
DA:74,0
DA:83,0
DA:84,0
DA:86,0
DA:91,0
DA:92,0
DA:93,0
DA:94,0
DA:95,0
DA:96,0
DA:100,0
DA:104,0
DA:105,0
DA:106,0
DA:114,0
DA:116,0
DA:117,0
DA:118,0
DA:129,0
DA:131,0
DA:132,0
DA:135,0
DA:137,0
DA:138,0
DA:140,0
DA:141,0
DA:142,0
DA:143,0
DA:144,0
DA:146,0
DA:150,0
DA:152,0
DA:154,0
DA:156,0
DA:158,0
DA:159,0
DA:160,0
DA:161,0
DA:163,0
DA:165,0
DA:166,0
DA:167,0
DA:171,0
DA:181,0
DA:182,0
DA:196,0
DA:199,0
DA:206,0
DA:209,0
DA:211,0
DA:214,0
DA:215,0
DA:217,0
DA:226,0
DA:229,0
DA:231,0
DA:235,0
DA:238,0
DA:240,0
DA:249,0
DA:250,0
DA:251,0
DA:253,0
DA:254,0
DA:257,0
DA:259,0
DA:260,0
DA:262,0
DA:263,0
DA:265,0
DA:270,0
DA:271,0
DA:273,0
DA:274,0
DA:276,0
DA:277,0
DA:280,0
DA:282,0
DA:284,0
DA:285,0
DA:287,0
DA:289,0
DA:290,0
DA:295,0
DA:307,0
DA:308,0
DA:309,0
DA:311,0
DA:312,0
DA:313,0
DA:316,0
DA:318,0
DA:319,0
DA:321,0
DA:322,0
DA:324,0
DA:328,0
DA:329,0
DA:330,0
DA:331,0
DA:333,0
DA:334,0
DA:336,0
DA:338,0
DA:340,0
DA:347,0
DA:348,0
DA:349,0
DA:350,0
DA:351,0
DA:352,0
DA:354,0
DA:358,0
DA:359,0
DA:360,0
DA:361,0
DA:365,0
DA:366,0
DA:367,0
DA:368,0
DA:369,0
DA:370,0
DA:371,0
DA:373,0
DA:377,0
DA:378,0
DA:379,0
DA:380,0
DA:381,0
DA:385,0
DA:386,0
DA:387,0
DA:390,0
DA:391,0
DA:392,0
DA:393,0
DA:396,0
DA:401,0
DA:402,0
DA:403,0
DA:404,0
LF:167
LH:0
end_of_record
SF:lib\presentation\screens\coach\nutrition_plan_editor_screen.dart
DA:15,0
DA:21,0
DA:23,0
DA:38,0
DA:40,0
DA:41,0
DA:44,0
DA:45,0
DA:46,0
DA:49,0
DA:50,0
DA:51,0
DA:52,0
DA:56,0
DA:57,0
DA:58,0
DA:59,0
DA:60,0
DA:61,0
DA:62,0
DA:63,0
DA:64,0
DA:67,0
DA:68,0
DA:73,0
DA:75,0
DA:76,0
DA:79,0
DA:80,0
DA:81,0
DA:82,0
DA:91,0
DA:92,0
DA:94,0
DA:99,0
DA:100,0
DA:101,0
DA:102,0
DA:103,0
DA:104,0
DA:105,0
DA:106,0
DA:107,0
DA:109,0
DA:110,0
DA:113,0
DA:116,0
DA:117,0
DA:118,0
DA:126,0
DA:128,0
DA:129,0
DA:130,0
DA:141,0
DA:143,0
DA:144,0
DA:145,0
DA:146,0
DA:147,0
DA:148,0
DA:151,0
DA:153,0
DA:154,0
DA:156,0
DA:157,0
DA:158,0
DA:159,0
DA:160,0
DA:162,0
DA:166,0
DA:168,0
DA:170,0
DA:172,0
DA:174,0
DA:175,0
DA:176,0
DA:177,0
DA:179,0
DA:181,0
DA:182,0
DA:183,0
DA:184,0
DA:187,0
DA:189,0
DA:197,0
DA:198,0
DA:212,0
DA:215,0
DA:222,0
DA:223,0
DA:224,0
DA:226,0
DA:234,0
DA:237,0
DA:244,0
DA:246,0
DA:247,0
DA:248,0
DA:249,0
DA:250,0
DA:252,0
DA:261,0
DA:262,0
DA:263,0
DA:265,0
DA:276,0
DA:278,0
DA:279,0
DA:281,0
DA:289,0
DA:292,0
DA:299,0
DA:301,0
DA:302,0
DA:304,0
DA:306,0
DA:307,0
DA:308,0
DA:312,0
DA:315,0
DA:317,0
DA:318,0
DA:321,0
DA:322,0
DA:325,0
DA:327,0
DA:328,0
DA:329,0
DA:331,0
DA:332,0
DA:333,0
DA:342,0
DA:350,0
DA:353,0
DA:360,0
DA:361,0
DA:362,0
DA:364,0
DA:372,0
DA:375,0
DA:377,0
DA:381,0
DA:384,0
DA:386,0
LF:144
LH:0
end_of_record
SF:lib\presentation\screens\coach\coach_clients_screen.dart
DA:11,1
DA:13,0
DA:14,0
DA:21,0
DA:23,0
DA:24,0
DA:25,0
DA:29,0
DA:30,0
DA:31,0
DA:33,0
DA:34,0
DA:35,0
DA:36,0
DA:37,0
DA:42,0
DA:44,0
DA:45,0
DA:48,0
DA:50,0
DA:51,0
DA:52,0
DA:53,0
DA:55,0
DA:56,0
DA:57,0
DA:58,0
DA:59,0
DA:61,0
DA:65,0
DA:66,0
DA:68,0
DA:70,0
DA:71,0
DA:73,0
DA:74,0
DA:75,0
DA:78,0
DA:79,0
DA:81,0
DA:82,0
DA:83,0
DA:87,0
DA:88,0
DA:91,0
DA:93,0
DA:94,0
DA:95,0
DA:104,0
DA:105,0
DA:106,0
DA:107,0
DA:108,0
DA:109,0
DA:111,0
DA:112,0
DA:115,0
DA:116,0
DA:118,0
DA:120,0
DA:122,0
DA:124,0
DA:126,0
DA:129,0
DA:130,0
DA:131,0
DA:133,0
DA:144,0
DA:145,0
DA:147,0
DA:148,0
DA:149,0
DA:151,0
DA:158,0
DA:159,0
DA:164,0
DA:165,0
DA:166,0
DA:171,0
DA:172,0
DA:173,0
DA:175,0
DA:176,0
DA:182,0
DA:192,0
DA:193,0
DA:194,0
DA:196,0
DA:197,0
DA:198,0
DA:199,0
DA:209,0
DA:210,0
DA:211,0
DA:212,0
DA:213,0
DA:214,0
DA:215,0
DA:216,0
DA:220,0
DA:222,0
DA:223,0
DA:225,0
DA:227,0
DA:228,0
DA:229,0
DA:231,0
DA:232,0
DA:233,0
DA:246,0
DA:247,0
DA:249,0
DA:250,0
DA:251,0
DA:258,0
DA:259,0
DA:260,0
DA:266,0
DA:267,0
DA:268,0
DA:270,0
DA:275,0
DA:276,0
DA:277,0
DA:279,0
DA:280,0
DA:292,0
DA:297,0
DA:298,0
DA:299,0
DA:301,0
DA:302,0
DA:317,0
DA:318,0
DA:319,0
DA:320,0
DA:323,0
DA:325,0
DA:327,0
DA:328,0
DA:329,0
DA:339,0
DA:349,0
DA:350,0
DA:358,0
DA:359,0
DA:360,0
DA:362,0
DA:370,0
DA:371,0
DA:372,0
DA:374,0
DA:376,0
DA:378,0
DA:385,0
DA:386,0
DA:387,0
LF:157
LH:1
end_of_record
SF:lib\presentation\widgets\error_banner.dart
DA:7,0
DA:13,0
DA:15,0
DA:19,0
DA:20,0
DA:21,0
DA:22,0
DA:24,0
DA:25,0
DA:28,0
DA:29,0
DA:30,0
DA:34,0
DA:35,0
DA:37,0
LF:15
LH:0
end_of_record
SF:lib\presentation\screens\coach\coach_earnings_screen.dart
DA:11,1
DA:13,0
DA:14,0
DA:20,0
DA:22,0
DA:23,0
DA:24,0
DA:28,0
DA:29,0
DA:30,0
DA:32,0
DA:33,0
DA:34,0
DA:35,0
DA:40,0
DA:42,0
DA:43,0
DA:44,0
DA:45,0
DA:46,0
DA:48,0
DA:49,0
DA:50,0
DA:51,0
DA:52,0
DA:54,0
DA:58,0
DA:60,0
DA:61,0
DA:62,0
DA:64,0
DA:67,0
DA:68,0
DA:73,0
DA:74,0
DA:75,0
DA:80,0
DA:81,0
DA:82,0
DA:84,0
DA:86,0
DA:88,0
DA:93,0
DA:98,0
DA:103,0
DA:111,0
DA:112,0
DA:113,0
DA:114,0
DA:115,0
DA:116,0
DA:118,0
DA:120,0
DA:121,0
DA:122,0
DA:123,0
DA:125,0
DA:126,0
DA:127,0
DA:136,0
DA:137,0
DA:148,0
DA:149,0
DA:164,0
DA:165,0
DA:166,0
DA:168,0
DA:170,0
DA:171,0
DA:172,0
DA:173,0
DA:175,0
DA:176,0
DA:177,0
DA:186,0
DA:187,0
DA:198,0
DA:199,0
DA:215,0
DA:216,0
DA:217,0
DA:219,0
DA:220,0
DA:221,0
DA:229,0
DA:230,0
DA:231,0
DA:232,0
DA:234,0
DA:236,0
DA:238,0
DA:240,0
DA:242,0
DA:245,0
DA:246,0
DA:247,0
DA:248,0
DA:250,0
DA:260,0
DA:261,0
DA:262,0
DA:263,0
DA:265,0
DA:266,0
DA:278,0
DA:279,0
DA:280,0
DA:281,0
DA:283,0
DA:285,0
DA:286,0
DA:287,0
DA:289,0
DA:290,0
DA:292,0
DA:294,0
DA:295,0
DA:303,0
DA:305,0
DA:306,0
DA:307,0
DA:310,0
DA:312,0
DA:320,0
DA:321,0
DA:325,0
DA:326,0
DA:329,0
DA:330,0
DA:332,0
DA:333,0
DA:343,0
DA:344,0
DA:347,0
DA:348,0
DA:349,0
DA:359,0
DA:361,0
DA:362,0
DA:366,0
DA:368,0
DA:369,0
DA:370,0
DA:377,0
DA:379,0
DA:392,0
DA:393,0
DA:394,0
DA:396,0
DA:398,0
DA:399,0
DA:401,0
DA:402,0
DA:409,0
DA:410,0
DA:421,0
DA:422,0
DA:423,0
DA:425,0
DA:435,0
DA:438,0
DA:439,0
DA:440,0
DA:441,0
DA:442,0
DA:451,0
DA:452,0
DA:454,0
DA:455,0
DA:456,0
DA:459,0
DA:460,0
DA:461,0
DA:472,0
DA:473,0
DA:475,0
DA:476,0
DA:477,0
DA:484,0
DA:485,0
DA:495,0
DA:497,0
DA:498,0
DA:499,0
DA:507,0
DA:508,0
DA:521,0
DA:522,0
LF:188
LH:1
end_of_record
SF:lib\presentation\screens\exercise\exercise_library_screen.dart
DA:9,1
DA:11,0
DA:12,0
DA:106,0
DA:108,0
DA:109,0
DA:112,0
DA:114,0
DA:115,0
DA:117,0
DA:118,0
DA:121,0
DA:124,0
DA:125,0
DA:126,0
DA:127,0
DA:130,0
DA:132,0
DA:133,0
DA:134,0
DA:135,0
DA:136,0
DA:138,0
DA:142,0
DA:143,0
DA:145,0
DA:147,0
DA:148,0
DA:149,0
DA:150,0
DA:151,0
DA:154,0
DA:157,0
DA:158,0
DA:168,0
DA:170,0
DA:173,0
DA:174,0
DA:175,0
DA:176,0
DA:177,0
DA:179,0
DA:180,0
DA:182,0
DA:183,0
DA:184,0
DA:187,0
DA:196,0
DA:197,0
DA:198,0
DA:199,0
DA:201,0
DA:202,0
DA:208,0
DA:220,0
DA:222,0
DA:223,0
DA:224,0
DA:225,0
DA:236,0
DA:237,0
DA:239,0
DA:240,0
DA:241,0
DA:243,0
DA:244,0
DA:245,0
DA:246,0
DA:256,0
DA:257,0
DA:259,0
DA:260,0
DA:261,0
DA:268,0
DA:269,0
DA:276,0
DA:277,0
DA:278,0
DA:279,0
DA:280,0
DA:283,0
DA:284,0
DA:299,0
DA:300,0
DA:302,0
DA:303,0
DA:304,0
DA:306,0
DA:308,0
DA:317,0
DA:318,0
DA:328,0
DA:331,0
DA:332,0
DA:337,0
DA:340,0
DA:342,0
DA:344,0
DA:346,0
DA:353,0
DA:354,0
DA:356,0
DA:358,0
DA:361,0
DA:362,0
DA:370,0
DA:373,0
DA:374,0
DA:375,0
DA:376,0
DA:378,0
DA:379,0
DA:380,0
DA:382,0
DA:384,0
DA:387,0
DA:395,0
DA:396,0
DA:397,0
DA:400,0
DA:404,0
DA:409,0
DA:412,0
DA:414,0
DA:416,0
DA:417,0
DA:420,0
DA:422,0
DA:429,0
DA:431,0
DA:432,0
DA:433,0
DA:434,0
DA:435,0
DA:441,0
DA:444,0
DA:445,0
DA:460,0
DA:461,0
DA:471,0
DA:472,0
DA:473,0
DA:474,0
DA:475,0
DA:478,0
DA:479,0
DA:488,0
DA:490,0
DA:497,0
DA:505,0
DA:506,0
DA:507,0
DA:509,0
DA:511,0
DA:512,0
DA:515,0
DA:519,0
DA:520,0
DA:521,0
DA:531,0
DA:532,0
DA:533,0
DA:542,0
DA:545,0
DA:547,0
DA:549,0
DA:550,0
DA:551,0
DA:552,0
DA:553,0
DA:575,0
DA:576,0
DA:578,0
DA:579,0
DA:587,0
LF:175
LH:1
end_of_record
